2026-04-28 00:57:24,126 - INFO - source_path=[WindowsPath('C:/Users/Administrator/Desktop/青岛负面2024-2026.4.21/青岛负面2024-2026.4.21/青岛市委2024.1.1-3.31.xlsx'), WindowsPath('C:/Users/Administrator/Desktop/青岛负面2024-2026.4.21/青岛负面2024-2026.4.21/青岛市委2024.4.1-8.30.xlsx'), WindowsPath('C:/Users/Administrator/Desktop/青岛负面2024-2026.4.21/青岛负面2024-2026.4.21/青岛市委2024.9.1-12.31.xlsx'), WindowsPath('C:/Users/Administrator/Desktop/青岛负面2024-2026.4.21/青岛负面2024-2026.4.21/青岛市委2025.1.1-5.31.xlsx'), WindowsPath('C:/Users/Administrator/Desktop/青岛负面2024-2026.4.21/青岛负面2024-2026.4.21/青岛市委2025.10.01-12.31.xlsx'), WindowsPath('C:/Users/Administrator/Desktop/青岛负面2024-2026.4.21/青岛负面2024-2026.4.21/青岛市委2025.7.1-9.31.xlsx'), WindowsPath('C:/Users/Administrator/Desktop/青岛负面2024-2026.4.21/青岛负面2024-2026.4.21/青岛市委2026.1.1-4.21.xlsx')]
2026-04-28 00:57:24,126 - INFO - keywords=孙立强|杨亮|杜江|高东|曹月洁|刘刚|杨帆|谭风英|史雷|张华|陈平涛|刘雪|张卫平|丁洁|乔铭|周志强|曹全胜|唐润波|王舒|孙充灿|杨秀|庄建秋|朱宏年|丁磊|孙琳|左成君|刘潇涵|周立国|王振|刘力超|王文若|王艳芳|孟萌|侯琳|刘妃妃|王晓云|郝代盛|王春涛|宋馨然|招婷婷|吕明|魏建坤|俞文峰|袁万鹏|周小星|沈心语|杨健|段文斌|马会良|高维磊|曲启斐|矫春蓉|王珍佩|林风谦|于泳|朱滨|李嘉顺|刘彦辰|隋东|杨阳|赵志城|臧雪飞|杨静贤|李锋|董培岩|丁广明|兰雷刚|庄怀斗|丁玉会|薛丽媛|崔锦涛|王连敬|张国防|刘兆志|张健|崔杰|李振广|张德蒙|杨晓菁|刘芳|杨忠亮|杨宝鹏|杨福云|杨治平|王珺|李慧颖|艾小燕|杨同同|石秋慧|华逢钊|胡忠良|谈绍苓|徐静|纪彬彬|陈宏|李霞|刘河|刘璇|姜瀚博|成方准|黄吉宁|张莉|徐聪涛|吴经岳|谭璐|孙彩芹|孙天怡|王君|许疆生|王兴宝|陈文平|白艳松|董坤|朱本军|孙伟|李明臣|夏照军|宋刚|周鑫良|纪业荣|张建|法清伟|高赛|韩通根|赵钦华|陈超|杨昊|李玉军|鹿伟|迟秀丽|韩晓龙|张其星|包汉勋|崔洁|宋建设|张明先|张宗清|高祀宝|王泽光|郝忠义|唐青|于阔涛|隋成富|马明辉|孙刚|朱国芳|吕军|金延江|韩雷|罗赛|李建平|李超|王涛远|王伟|许召尧|盛学华|姜连伟|盛秀玲|孙希通|郭营|刘兆兵|江世涛|刁新宇|张俊利|张杰|王琳|张文琪|曹培才|赵明霞|朱华|武云霞|金硕|李红|段继文|李培亮|张玮|林小卿|董秦兴|杜倩倩|曹永章|岳文|于娟娟|吕祥铭|刘振|相福至|侯晓宁|王巧玲|张金波|李睿|王国斌|黄祥荣|于恭建|孙理中|褚维东|吴章鑫|徐冬焱|谷大军|王吉霞|车广杰|郑金铠|王敬|肖军霞|杨庆利|孙凤兰|程致远|李鹏|石华军|姜文新|逄增金|王玲梅|邱若东|王太文|孙誉豪|朱新伟|桓立军|谢伟|王公才|殷方杰|邹雪茜|白华珍|颜廷礼|李青钰|贺蕊|王友庆|唐宗队|李琛|李钦宝|于静|李蓓蓓|费扬|陈冬妮|辛鲁|隋利峰|臧伟|李大勇|修文娟|刘楠|陈楷|李志泰|杨咏新|相智才|刘兆元|刘玮|李永正|刘鲁强|邓友成|董韶光|滕乐峰|赵晓霞|李奉强|苗盛|俞尚宏|周平宇|张志强|薛健康|常邑|段薇|王滨|类延霄|娄云洁|苏龙|艾明飞|孙萌萌|姜岩|董国富|姜广强|刘涛|赵杰|任翀|黄贤青|王浩|展波|陈录城|柴纪强|陈斌|鹿遥|刘晓昆|熊媛媛|刘勇|谭丽霞|刘占杰|龚雯雯|霍文璞|刘钢|江兰|贾庆佳|王飞
2026-04-28 00:57:57,508 - INFO - source_path=[WindowsPath('C:/Users/Administrator/Desktop/青岛负面2024-2026.4.21/青岛负面2024-2026.4.21/青岛市委2024.1.1-3.31.xlsx'), WindowsPath('C:/Users/Administrator/Desktop/青岛负面2024-2026.4.21/青岛负面2024-2026.4.21/青岛市委2024.4.1-8.30.xlsx'), WindowsPath('C:/Users/Administrator/Desktop/青岛负面2024-2026.4.21/青岛负面2024-2026.4.21/青岛市委2024.9.1-12.31.xlsx'), WindowsPath('C:/Users/Administrator/Desktop/青岛负面2024-2026.4.21/青岛负面2024-2026.4.21/青岛市委2025.1.1-5.31.xlsx'), WindowsPath('C:/Users/Administrator/Desktop/青岛负面2024-2026.4.21/青岛负面2024-2026.4.21/青岛市委2025.10.01-12.31.xlsx'), WindowsPath('C:/Users/Administrator/Desktop/青岛负面2024-2026.4.21/青岛负面2024-2026.4.21/青岛市委2025.7.1-9.31.xlsx'), WindowsPath('C:/Users/Administrator/Desktop/青岛负面2024-2026.4.21/青岛负面2024-2026.4.21/青岛市委2026.1.1-4.21.xlsx')]
2026-04-28 00:57:57,509 - INFO - keywords=孙立强|杨亮|杜江|高东|曹月洁|刘刚|杨帆|谭风英|史雷|张华|陈平涛|刘雪|张卫平|丁洁|乔铭|周志强|曹全胜|唐润波|王舒|孙充灿|杨秀|庄建秋|朱宏年|丁磊|孙琳|左成君|刘潇涵|周立国|王振|刘力超|王文若|王艳芳|孟萌|侯琳|刘妃妃|王晓云|郝代盛|王春涛|宋馨然|招婷婷|吕明|魏建坤|俞文峰|袁万鹏|周小星|沈心语|杨健|段文斌|马会良|高维磊|曲启斐|矫春蓉|王珍佩|林风谦|于泳|朱滨|李嘉顺|刘彦辰|隋东|杨阳|赵志城|臧雪飞|杨静贤|李锋|董培岩|丁广明|兰雷刚|庄怀斗|丁玉会|薛丽媛|崔锦涛|王连敬|张国防|刘兆志|张健|崔杰|李振广|张德蒙|杨晓菁|刘芳|杨忠亮|杨宝鹏|杨福云|杨治平|王珺|李慧颖|艾小燕|杨同同|石秋慧|华逢钊|胡忠良|谈绍苓|徐静|纪彬彬|陈宏|李霞|刘河|刘璇|姜瀚博|成方准|黄吉宁|张莉|徐聪涛|吴经岳|谭璐|孙彩芹|孙天怡|王君|许疆生|王兴宝|陈文平|白艳松|董坤|朱本军|孙伟|李明臣|夏照军|宋刚|周鑫良|纪业荣|张建|法清伟|高赛|韩通根|赵钦华|陈超|杨昊|李玉军|鹿伟|迟秀丽|韩晓龙|张其星|包汉勋|崔洁|宋建设|张明先|张宗清|高祀宝|王泽光|郝忠义|唐青|于阔涛|隋成富|马明辉|孙刚|朱国芳|吕军|金延江|韩雷|罗赛|李建平|李超|王涛远|王伟|许召尧|盛学华|姜连伟|盛秀玲|孙希通|郭营|刘兆兵|江世涛|刁新宇|张俊利|张杰|王琳|张文琪|曹培才|赵明霞|朱华|武云霞|金硕|李红|段继文|李培亮|张玮|林小卿|董秦兴|杜倩倩|曹永章|岳文|于娟娟|吕祥铭|刘振|相福至|侯晓宁|王巧玲|张金波|李睿|王国斌|黄祥荣|于恭建|孙理中|褚维东|吴章鑫|徐冬焱|谷大军|王吉霞|车广杰|郑金铠|王敬|肖军霞|杨庆利|孙凤兰|程致远|李鹏|石华军|姜文新|逄增金|王玲梅|邱若东|王太文|孙誉豪|朱新伟|桓立军|谢伟|王公才|殷方杰|邹雪茜|白华珍|颜廷礼|李青钰|贺蕊|王友庆|唐宗队|李琛|李钦宝|于静|李蓓蓓|费扬|陈冬妮|辛鲁|隋利峰|臧伟|李大勇|修文娟|刘楠|陈楷|李志泰|杨咏新|相智才|刘兆元|刘玮|李永正|刘鲁强|邓友成|董韶光|滕乐峰|赵晓霞|李奉强|苗盛|俞尚宏|周平宇|张志强|薛健康|常邑|段薇|王滨|类延霄|娄云洁|苏龙|艾明飞|孙萌萌|姜岩|董国富|姜广强|刘涛|赵杰|任翀|黄贤青|王浩|展波|陈录城|柴纪强|陈斌|鹿遥|刘晓昆|熊媛媛|刘勇|谭丽霞|刘占杰|龚雯雯|霍文璞|刘钢|江兰|贾庆佳|王飞
2026-04-28 00:57:57,509 - INFO - C:\Users\Administrator\Desktop\青岛负面2024-2026.4.21\青岛负面2024-2026.4.21\青岛市委2024.1.1-3.31.xlsx
2026-04-28 01:24:22,190 - INFO - source_path=[WindowsPath('C:/Users/Administrator/Desktop/青岛负面2024-2026.4.21/青岛负面2024-2026.4.21/青岛市委2024.1.1-3.31.xlsx'), WindowsPath('C:/Users/Administrator/Desktop/青岛负面2024-2026.4.21/青岛负面2024-2026.4.21/青岛市委2024.4.1-8.30.xlsx'), WindowsPath('C:/Users/Administrator/Desktop/青岛负面2024-2026.4.21/青岛负面2024-2026.4.21/青岛市委2024.9.1-12.31.xlsx'), WindowsPath('C:/Users/Administrator/Desktop/青岛负面2024-2026.4.21/青岛负面2024-2026.4.21/青岛市委2025.1.1-5.31.xlsx'), WindowsPath('C:/Users/Administrator/Desktop/青岛负面2024-2026.4.21/青岛负面2024-2026.4.21/青岛市委2025.10.01-12.31.xlsx'), WindowsPath('C:/Users/Administrator/Desktop/青岛负面2024-2026.4.21/青岛负面2024-2026.4.21/青岛市委2025.7.1-9.31.xlsx'), WindowsPath('C:/Users/Administrator/Desktop/青岛负面2024-2026.4.21/青岛负面2024-2026.4.21/青岛市委2026.1.1-4.21.xlsx')]
2026-04-28 01:24:22,192 - INFO - keywords=孙立强|杨亮|杜江|高东|曹月洁|刘刚|杨帆|谭风英|史雷|张华|陈平涛|刘雪|张卫平|丁洁|乔铭|周志强|曹全胜|唐润波|王舒|孙充灿|杨秀|庄建秋|朱宏年|丁磊|孙琳|左成君|刘潇涵|周立国|王振|刘力超|王文若|王艳芳|孟萌|侯琳|刘妃妃|王晓云|郝代盛|王春涛|宋馨然|招婷婷|吕明|魏建坤|俞文峰|袁万鹏|周小星|沈心语|杨健|段文斌|马会良|高维磊|曲启斐|矫春蓉|王珍佩|林风谦|于泳|朱滨|李嘉顺|刘彦辰|隋东|杨阳|赵志城|臧雪飞|杨静贤|李锋|董培岩|丁广明|兰雷刚|庄怀斗|丁玉会|薛丽媛|崔锦涛|王连敬|张国防|刘兆志|张健|崔杰|李振广|张德蒙|杨晓菁|刘芳|杨忠亮|杨宝鹏|杨福云|杨治平|王珺|李慧颖|艾小燕|杨同同|石秋慧|华逢钊|胡忠良|谈绍苓|徐静|纪彬彬|陈宏|李霞|刘河|刘璇|姜瀚博|成方准|黄吉宁|张莉|徐聪涛|吴经岳|谭璐|孙彩芹|孙天怡|王君|许疆生|王兴宝|陈文平|白艳松|董坤|朱本军|孙伟|李明臣|夏照军|宋刚|周鑫良|纪业荣|张建|法清伟|高赛|韩通根|赵钦华|陈超|杨昊|李玉军|鹿伟|迟秀丽|韩晓龙|张其星|包汉勋|崔洁|宋建设|张明先|张宗清|高祀宝|王泽光|郝忠义|唐青|于阔涛|隋成富|马明辉|孙刚|朱国芳|吕军|金延江|韩雷|罗赛|李建平|李超|王涛远|王伟|许召尧|盛学华|姜连伟|盛秀玲|孙希通|郭营|刘兆兵|江世涛|刁新宇|张俊利|张杰|王琳|张文琪|曹培才|赵明霞|朱华|武云霞|金硕|李红|段继文|李培亮|张玮|林小卿|董秦兴|杜倩倩|曹永章|岳文|于娟娟|吕祥铭|刘振|相福至|侯晓宁|王巧玲|张金波|李睿|王国斌|黄祥荣|于恭建|孙理中|褚维东|吴章鑫|徐冬焱|谷大军|王吉霞|车广杰|郑金铠|王敬|肖军霞|杨庆利|孙凤兰|程致远|李鹏|石华军|姜文新|逄增金|王玲梅|邱若东|王太文|孙誉豪|朱新伟|桓立军|谢伟|王公才|殷方杰|邹雪茜|白华珍|颜廷礼|李青钰|贺蕊|王友庆|唐宗队|李琛|李钦宝|于静|李蓓蓓|费扬|陈冬妮|辛鲁|隋利峰|臧伟|李大勇|修文娟|刘楠|陈楷|李志泰|杨咏新|相智才|刘兆元|刘玮|李永正|刘鲁强|邓友成|董韶光|滕乐峰|赵晓霞|李奉强|苗盛|俞尚宏|周平宇|张志强|薛健康|常邑|段薇|王滨|类延霄|娄云洁|苏龙|艾明飞|孙萌萌|姜岩|董国富|姜广强|刘涛|赵杰|任翀|黄贤青|王浩|展波|陈录城|柴纪强|陈斌|鹿遥|刘晓昆|熊媛媛|刘勇|谭丽霞|刘占杰|龚雯雯|霍文璞|刘钢|江兰|贾庆佳|王飞
2026-04-28 01:24:22,193 - INFO - C:\Users\Administrator\Desktop\青岛负面2024-2026.4.21\青岛负面2024-2026.4.21\青岛市委2024.1.1-3.31.xlsx
2026-04-28 01:24:27,432 - INFO - sheet_name=1211948060
2026-04-28 01:24:29,394 - INFO - sheet_name=1211948061
2026-04-28 01:24:31,322 - INFO - sheet_name=1211948062
2026-04-28 01:24:33,342 - INFO - sheet_name=1211948063
2026-04-28 01:24:33,850 - INFO - C:\Users\Administrator\Desktop\青岛负面2024-2026.4.21\青岛负面2024-2026.4.21\青岛市委2024.4.1-8.30.xlsx
2026-04-28 01:24:49,940 - INFO - sheet_name=总表
2026-04-28 01:25:09,046 - INFO - C:\Users\Administrator\Desktop\青岛负面2024-2026.4.21\青岛负面2024-2026.4.21\青岛市委2024.9.1-12.31.xlsx
2026-04-28 01:25:30,897 - INFO - sheet_name=总表
2026-04-28 01:25:57,300 - INFO - C:\Users\Administrator\Desktop\青岛负面2024-2026.4.21\青岛负面2024-2026.4.21\青岛市委2025.1.1-5.31.xlsx
2026-04-28 01:26:06,917 - INFO - sheet_name=总表
2026-04-28 01:26:18,018 - INFO - C:\Users\Administrator\Desktop\青岛负面2024-2026.4.21\青岛负面2024-2026.4.21\青岛市委2025.10.01-12.31.xlsx
2026-04-28 01:26:20,890 - INFO - sheet_name=1211823500
2026-04-28 01:26:22,564 - INFO - sheet_name=1211823501
2026-04-28 01:26:24,156 - INFO - C:\Users\Administrator\Desktop\青岛负面2024-2026.4.21\青岛负面2024-2026.4.21\青岛市委2025.7.1-9.31.xlsx
2026-04-28 01:26:37,674 - INFO - sheet_name=1211827310
2026-04-28 01:26:39,494 - INFO - sheet_name=1211827311
2026-04-28 01:26:41,222 - INFO - sheet_name=1211827312
2026-04-28 01:26:42,914 - INFO - sheet_name=1211827313
2026-04-28 01:26:44,380 - INFO - sheet_name=1211827314
2026-04-28 01:26:45,869 - INFO - sheet_name=1211827315
2026-04-28 01:26:47,378 - INFO - sheet_name=1211827316
2026-04-28 01:26:48,824 - INFO - sheet_name=1211827317
2026-04-28 01:26:50,244 - INFO - sheet_name=1211827318
2026-04-28 01:26:51,827 - INFO - sheet_name=1211827319
2026-04-28 01:26:53,746 - INFO - sheet_name=12118273110
2026-04-28 01:26:54,985 - INFO - C:\Users\Administrator\Desktop\青岛负面2024-2026.4.21\青岛负面2024-2026.4.21\青岛市委2026.1.1-4.21.xlsx
2026-04-28 01:26:58,022 - INFO - sheet_name=1211821210
2026-04-28 01:26:59,771 - INFO - sheet_name=1211821211
2026-04-28 01:27:01,522 - INFO - sheet_name=1211821212
2026-04-28 01:27:01,936 - INFO - 耗时： 159.7453384399414秒
2026-04-28 08:50:14,224 - INFO - source_path=[WindowsPath('C:/Users/Administrator/Desktop/青岛负面2024-2026.4.21/青岛负面2024-2026.4.21/青岛市委2024.1.1-3.31.xlsx'), WindowsPath('C:/Users/Administrator/Desktop/青岛负面2024-2026.4.21/青岛负面2024-2026.4.21/青岛市委2024.4.1-8.30.xlsx'), WindowsPath('C:/Users/Administrator/Desktop/青岛负面2024-2026.4.21/青岛负面2024-2026.4.21/青岛市委2024.9.1-12.31.xlsx'), WindowsPath('C:/Users/Administrator/Desktop/青岛负面2024-2026.4.21/青岛负面2024-2026.4.21/青岛市委2025.1.1-5.31.xlsx'), WindowsPath('C:/Users/Administrator/Desktop/青岛负面2024-2026.4.21/青岛负面2024-2026.4.21/青岛市委2025.10.01-12.31.xlsx'), WindowsPath('C:/Users/Administrator/Desktop/青岛负面2024-2026.4.21/青岛负面2024-2026.4.21/青岛市委2025.7.1-9.31.xlsx'), WindowsPath('C:/Users/Administrator/Desktop/青岛负面2024-2026.4.21/青岛负面2024-2026.4.21/青岛市委2026.1.1-4.21.xlsx')]
2026-04-28 08:50:14,229 - INFO - keywords=孙立强|杨亮|杜江|高东|曹月洁|刘刚|杨帆|谭风英|史雷|张华|陈平涛|刘雪|张卫平|丁洁|乔铭|周志强|曹全胜|唐润波|王舒|孙充灿|杨秀|庄建秋|朱宏年|丁磊|孙琳|左成君|刘潇涵|周立国|王振|刘力超|王文若|王艳芳|孟萌|侯琳|刘妃妃|王晓云|郝代盛|王春涛|宋馨然|招婷婷|吕明|魏建坤|俞文峰|袁万鹏|周小星|沈心语|杨健|段文斌|马会良|高维磊|曲启斐|矫春蓉|王珍佩|林风谦|于泳|朱滨|李嘉顺|刘彦辰|隋东|杨阳|赵志城|臧雪飞|杨静贤|李锋|董培岩|丁广明|兰雷刚|庄怀斗|丁玉会|薛丽媛|崔锦涛|王连敬|张国防|刘兆志|张健|崔杰|李振广|张德蒙|杨晓菁|刘芳|杨忠亮|杨宝鹏|杨福云|杨治平|王珺|李慧颖|艾小燕|杨同同|石秋慧|华逢钊|胡忠良|谈绍苓|徐静|纪彬彬|陈宏|李霞|刘河|刘璇|姜瀚博|成方准|黄吉宁|张莉|徐聪涛|吴经岳|谭璐|孙彩芹|孙天怡|王君|许疆生|王兴宝|陈文平|白艳松|董坤|朱本军|孙伟|李明臣|夏照军|宋刚|周鑫良|纪业荣|张建|法清伟|高赛|韩通根|赵钦华|陈超|杨昊|李玉军|鹿伟|迟秀丽|韩晓龙|张其星|包汉勋|崔洁|宋建设|张明先|张宗清|高祀宝|王泽光|郝忠义|唐青|于阔涛|隋成富|马明辉|孙刚|朱国芳|吕军|金延江|韩雷|罗赛|李建平|李超|王涛远|王伟|许召尧|盛学华|姜连伟|盛秀玲|孙希通|郭营|刘兆兵|江世涛|刁新宇|张俊利|张杰|王琳|张文琪|曹培才|赵明霞|朱华|武云霞|金硕|李红|段继文|李培亮|张玮|林小卿|董秦兴|杜倩倩|曹永章|岳文|于娟娟|吕祥铭|刘振|相福至|侯晓宁|王巧玲|张金波|李睿|王国斌|黄祥荣|于恭建|孙理中|褚维东|吴章鑫|徐冬焱|谷大军|王吉霞|车广杰|郑金铠|王敬|肖军霞|杨庆利|孙凤兰|程致远|李鹏|石华军|姜文新|逄增金|王玲梅|邱若东|王太文|孙誉豪|朱新伟|桓立军|谢伟|王公才|殷方杰|邹雪茜|白华珍|颜廷礼|李青钰|贺蕊|王友庆|唐宗队|李琛|李钦宝|于静|李蓓蓓|费扬|陈冬妮|辛鲁|隋利峰|臧伟|李大勇|修文娟|刘楠|陈楷|李志泰|杨咏新|相智才|刘兆元|刘玮|李永正|刘鲁强|邓友成|董韶光|滕乐峰|赵晓霞|李奉强|苗盛|俞尚宏|周平宇|张志强|薛健康|常邑|段薇|王滨|类延霄|娄云洁|苏龙|艾明飞|孙萌萌|姜岩|董国富|姜广强|刘涛|赵杰|任翀|黄贤青|王浩|展波|陈录城|柴纪强|陈斌|鹿遥|刘晓昆|熊媛媛|刘勇|谭丽霞|刘占杰|龚雯雯|霍文璞|刘钢|江兰|贾庆佳|王飞
2026-04-28 08:50:14,231 - INFO - C:\Users\Administrator\Desktop\青岛负面2024-2026.4.21\青岛负面2024-2026.4.21\青岛市委2024.1.1-3.31.xlsx
2026-04-28 08:51:01,516 - INFO - source_path=[WindowsPath('C:/Users/Administrator/Desktop/青岛负面2024-2026.4.21/青岛负面2024-2026.4.21/青岛市委2024.1.1-3.31.xlsx'), WindowsPath('C:/Users/Administrator/Desktop/青岛负面2024-2026.4.21/青岛负面2024-2026.4.21/青岛市委2024.4.1-8.30.xlsx'), WindowsPath('C:/Users/Administrator/Desktop/青岛负面2024-2026.4.21/青岛负面2024-2026.4.21/青岛市委2024.9.1-12.31.xlsx'), WindowsPath('C:/Users/Administrator/Desktop/青岛负面2024-2026.4.21/青岛负面2024-2026.4.21/青岛市委2025.1.1-5.31.xlsx'), WindowsPath('C:/Users/Administrator/Desktop/青岛负面2024-2026.4.21/青岛负面2024-2026.4.21/青岛市委2025.10.01-12.31.xlsx'), WindowsPath('C:/Users/Administrator/Desktop/青岛负面2024-2026.4.21/青岛负面2024-2026.4.21/青岛市委2025.7.1-9.31.xlsx'), WindowsPath('C:/Users/Administrator/Desktop/青岛负面2024-2026.4.21/青岛负面2024-2026.4.21/青岛市委2026.1.1-4.21.xlsx')]
2026-04-28 08:51:01,517 - INFO - keywords=孙立强|杨亮|杜江|高东|曹月洁|刘刚|杨帆|谭风英|史雷|张华|陈平涛|刘雪|张卫平|丁洁|乔铭|周志强|曹全胜|唐润波|王舒|孙充灿|杨秀|庄建秋|朱宏年|丁磊|孙琳|左成君|刘潇涵|周立国|王振|刘力超|王文若|王艳芳|孟萌|侯琳|刘妃妃|王晓云|郝代盛|王春涛|宋馨然|招婷婷|吕明|魏建坤|俞文峰|袁万鹏|周小星|沈心语|杨健|段文斌|马会良|高维磊|曲启斐|矫春蓉|王珍佩|林风谦|于泳|朱滨|李嘉顺|刘彦辰|隋东|杨阳|赵志城|臧雪飞|杨静贤|李锋|董培岩|丁广明|兰雷刚|庄怀斗|丁玉会|薛丽媛|崔锦涛|王连敬|张国防|刘兆志|张健|崔杰|李振广|张德蒙|杨晓菁|刘芳|杨忠亮|杨宝鹏|杨福云|杨治平|王珺|李慧颖|艾小燕|杨同同|石秋慧|华逢钊|胡忠良|谈绍苓|徐静|纪彬彬|陈宏|李霞|刘河|刘璇|姜瀚博|成方准|黄吉宁|张莉|徐聪涛|吴经岳|谭璐|孙彩芹|孙天怡|王君|许疆生|王兴宝|陈文平|白艳松|董坤|朱本军|孙伟|李明臣|夏照军|宋刚|周鑫良|纪业荣|张建|法清伟|高赛|韩通根|赵钦华|陈超|杨昊|李玉军|鹿伟|迟秀丽|韩晓龙|张其星|包汉勋|崔洁|宋建设|张明先|张宗清|高祀宝|王泽光|郝忠义|唐青|于阔涛|隋成富|马明辉|孙刚|朱国芳|吕军|金延江|韩雷|罗赛|李建平|李超|王涛远|王伟|许召尧|盛学华|姜连伟|盛秀玲|孙希通|郭营|刘兆兵|江世涛|刁新宇|张俊利|张杰|王琳|张文琪|曹培才|赵明霞|朱华|武云霞|金硕|李红|段继文|李培亮|张玮|林小卿|董秦兴|杜倩倩|曹永章|岳文|于娟娟|吕祥铭|刘振|相福至|侯晓宁|王巧玲|张金波|李睿|王国斌|黄祥荣|于恭建|孙理中|褚维东|吴章鑫|徐冬焱|谷大军|王吉霞|车广杰|郑金铠|王敬|肖军霞|杨庆利|孙凤兰|程致远|李鹏|石华军|姜文新|逄增金|王玲梅|邱若东|王太文|孙誉豪|朱新伟|桓立军|谢伟|王公才|殷方杰|邹雪茜|白华珍|颜廷礼|李青钰|贺蕊|王友庆|唐宗队|李琛|李钦宝|于静|李蓓蓓|费扬|陈冬妮|辛鲁|隋利峰|臧伟|李大勇|修文娟|刘楠|陈楷|李志泰|杨咏新|相智才|刘兆元|刘玮|李永正|刘鲁强|邓友成|董韶光|滕乐峰|赵晓霞|李奉强|苗盛|俞尚宏|周平宇|张志强|薛健康|常邑|段薇|王滨|类延霄|娄云洁|苏龙|艾明飞|孙萌萌|姜岩|董国富|姜广强|刘涛|赵杰|任翀|黄贤青|王浩|展波|陈录城|柴纪强|陈斌|鹿遥|刘晓昆|熊媛媛|刘勇|谭丽霞|刘占杰|龚雯雯|霍文璞|刘钢|江兰|贾庆佳|王飞
2026-04-28 08:51:01,518 - INFO - C:\Users\Administrator\Desktop\青岛负面2024-2026.4.21\青岛负面2024-2026.4.21\青岛市委2024.1.1-3.31.xlsx
2026-04-28 08:51:06,369 - INFO - dfs={'1211948060':                                                       标题              发布时间                  来源信息                   作者  ... 媒体级别 舆情调性 是否预警                                                 摘要
0                                       青岛科技大学骂完人就拉黑的素质姐  2024-03-31 23:59                   小红书                芦田爱花花  ...   其他   负面  未预警  这位大姐无缘无故骂错人结果还反咬我一口并且拉黑我。青岛科技大学的uu们可以关注一下这位没有素...
1                                     希望胶南片区设步行街、美食街、夜市等  2024-03-31 23:58  地方领导留言板-山东省青岛市黄岛区委书记          15********0  ...   其他   负面  未预警  胶南人逛街得去开发区，逛夜市得去开发区甚至青岛台东，真心希望领导能在胶南片区设置步行街、美食...
2      我还是那句话，一个人是不是只要觉得自己不要脸天下无敌，就可以这世上做任何事，不顾道德廉耻，甚...  2024-03-31 23:58                  新浪微博         用户7861325871  ...   其他   负面  未预警  我还是那句话，一个人是不是只要觉得自己不要脸天下无敌，就可以这世上做任何事，不顾道德廉耻，甚...
3                          青岛职业技术学院离了有些天儿没那啥了，帮一下小忙呀....  2024-03-31 23:57                  新浪微博         用户7912924804  ...   其他   负面  未预警             转发微博\n引用:青岛职业技术学院离了有些天儿没那啥了，帮一下小忙呀....
4                          青岛职业技术学院离了有些天儿没那啥了，帮一下小忙呀....  2024-03-31 23:57                  新浪微博         用户7911737934  ...   其他   负面  未预警             转发微博\n引用:青岛职业技术学院离了有些天儿没那啥了，帮一下小忙呀....
...                                                  ...               ...                   ...                  ...  ...  ...  ...  ...                                                ...
65531                              青岛候源祥中医药案吴鹏飞继说184拭目以待  2024-03-06 16:59                  西瓜视频                海岸望世界  ...   其他   负面  未预警  快手民间中医冤案（184）作者：其实医生就是天使多少患者向他磕头\n青岛候源祥中医药案吴鹏飞...
65532                  2003年1月22日，当天去了没开，为何案卷中开庭时间进行缺席判决  2024-03-06 16:59              今日头条-微头条              清新蜻蜓2X7  ...   其他   负面  未预警  胶州市法院违法枉法判案执行\n1.法院仅确定一次开庭时间【2003年1月22日，当天去了没开...
65533  山东青岛即墨区江波涉黑恶团伙是2009年以前青岛市公安局反黑组线人、2009年以后青岛市公安...  2024-03-06 16:58                  新浪微博              红船启航破浪行  ...   其他   负面  未预警  山东青岛即墨区江波涉黑恶团伙是2009年以前青岛市公安局反黑组线人、2009年以后青岛市公安...
65534  快递新规实施后。有驿站干脆罢工，已有快递员辞职不千了，难道这是整顿电商开始了，实体店的春天要...  2024-03-06 16:58                 抖音-山东  平度兰底家具城（每晚七点直播）周日休息  ...   其他   负面  未预警  “快递新规”实施后有驿站干脆罢工以后快递员辞职称“没法干下去”网友：支持快递新规电商行业进入...
65535                    疏港高架又开始堵车了。#堵车现场 #集装箱司机 #半挂车驾驶员  2024-03-06 16:58                 抖音-山东          蒋锋【遇知】&旅游@我  ...   其他   负面  未预警  疏港高架早晨堵，中午堵，下午堵。OPPOA935G\n疏港高架又开始堵车了。#堵车现场 #集...

[65536 rows x 13 columns], '1211948061':                                                       标题              发布时间       来源信息            作者  ... 媒体级别 舆情调性 是否预警                                                 摘要
0                                  青岛候源祥中医药案吴鹏飞继说184拭目以待  2024-03-06 16:58       西瓜视频         海岸望世界  ...   其他   负面  未预警  快手民间中医冤案（184）作者：其实医生就是天使多少患者向他磕头\n青岛候源祥中医药案吴鹏飞...
1                                   被贾跃亭全网追击爆打的丁磊，是何许人也？  2024-03-06 16:57      知乎-文章       数字营销肖运华  ...   其他   负面  未预警  引子咦，怎么回事，听说人在美国的贾跃亭，在找人在中国的丁磊的麻烦。丁磊又不造汽车，和贾跃亭也...
2                                   请求西海岸新区政府实地调研，解除薛家岛街  2024-03-06 16:57  闪电新闻-网上问政  网友faa9473fe8  ...   其他   负面  未预警  薛家岛街道不做调研，严重损害维多利亚湾小区居民利益，致使居民生存环境更加恶劣，请求西海岸新区...
3      #毛星火起诉莫言你怎么看？# 我完全赞同！ 因为 ：只要有理有据，只要是依法依规走程序去起诉...  2024-03-06 16:57   今日头条-微头条          早春记忆  ...   其他   负面  未预警  #毛星火起诉莫言你怎么看？#\n我完全赞同！\n因为 ：只要有理有据，只要是依法依规走程序去...
4                      #真人真事#记录真实生活 #正义关注青岛赵磊#正义关注青岛赵磊夫妻  2024-03-06 16:55         抖音            刀娘  ...   其他   负面  未预警  山东省青岛市即墨区警山卫街道南选村，真人真事详见@青岛赵磊2\n#真人真事#记录真实生活 #...
...                                                  ...               ...        ...           ...  ...  ...  ...  ...                                                ...
65531              每次有事，总是甩锅，从不反思自己。事发至今，也没见有一个相关部门出来解决。  2024-01-30 17:15       今日头条    sophie0712  ...   其他   负面  未预警  评论：每次有事，总是甩锅，从不反思自己。事发至今，也没见有一个相关部门出来解决。\n原文：前...
65532                  颂汇谈：闹大了！游客因不坐游艇被骂穷光蛋，网友：青岛文旅出来澄清！  2024-01-30 17:15   今日头条-微头条           颂汇谈  ...   其他   负面  未预警  丑态百出啊！网友直呼“行程有变， 青岛 不敢去了”！越闹越大！游客在青岛旅游被骂穷光蛋！游客...
65533                          ＃青岛栈桥景区相关人员拉票不成辱骂游客＃青岛文旅局  2024-01-30 17:15       西瓜视频      青岛的辽宁人祺哥  ...   其他   负面  未预警  依法严肃处理！青岛市市南区文旅局情况通报陵2024年1月29日桥景区岛游艇目前公安机关正在对...
65534                        闹大了！青岛大妈骂游客穷光蛋，公安介入，整个青岛受牵连  2024-01-30 17:14       西瓜视频         小崔聊天下  ...   其他   负面  未预警  游客因不坐游艇被卖票人员悔辱穷酸样坐不起活该国1月29日山东青岛视频拍摄者称：在青岛栈桥喂海...
65535  网传青岛球迷在主场辱骂李炎哲，我是不信的，特地用原声开到最大，仔细的回看了一遍昨晚的比赛。从...  2024-01-30 17:14   今日头条-微头条          不董体育  ...   其他   负面  未预警  网传青岛球迷在主场辱骂李炎哲，我是不信的，特地用原声开到最大，仔细的回看了一遍昨晚的比赛。从...

[65536 rows x 13 columns], '1211948062':                                                       标题              发布时间      来源信息            作者              作者Id  ... 媒体属性 媒体级别 舆情调性 是否预警                                                 摘要
0      用假证，假章可以随便办理环评手续吗？？？规划是农林用地可以办理环评手续吗？？？城阳区生态环境...  2024-01-30 17:14   闪电新闻-问政  网友6c685519dd          65398045  ...   其他   其他   负面  未预警  实名举报青岛展纬商砼有限公司办理环评手续的材料造假 （2020年青岛生态环境局城阳分局办理环...
1                          栈桥“穷光蛋”辱骂事件曝光！游客遭遇推销地狱，官方怒而反击  2024-01-30 17:13      西瓜视频         飞龙自媒体  3125264152015187  ...   其他   其他   负面  未预警          青岛栈桥一游票推销人员不起栈桥“穷光蛋刀骏样唇骂事件曝光游客遭遇推销地狱官方而反击
2        拒绝坐推销的游艇被当街辱骂？当地文旅局回应：公安机关正在开展调查#青岛栈桥#你怎么看#社会百态  2024-01-30 17:13  今日头条-微头条           粤上冲   905641247665495  ...   其他   其他   负面  未预警  严惩不贷\n引用:拒绝坐推销的游艇被当街辱骂？当地文旅局回应：公安机关正在开展调查#青岛栈桥...
3                            看你俩那穷酸样！女游客拒绝消费青岛栈桥游艇项目，遭辱骂  2024-01-30 17:13      一点资讯     小丽带你去中国旅行           2354901  ...   其他   其他   负面  未预警  近日，一段发生在青岛栈桥的视频引起了广泛关注，其中一位游客因拒绝推销游艇的项目而遭到推销人员...
4                            看你俩那穷酸样！女游客拒绝消费青岛栈桥游艇项目，遭辱骂  2024-01-30 17:13      今日头条          派米随聊  2700878227200120  ...   其他   其他   负面  未预警  近日，一段发生在青岛栈桥的视频引起了广泛关注，其中一位游客因拒绝推销游艇的项目而遭到推销人员...
...                                                  ...               ...       ...           ...               ...  ...  ...  ...  ...  ...                                                ...
65531        有人问东方网是哪的？查看图片/东方网，纵相视频，陈丽娜，亲自举报海南台主持人，牛逼了。  2024-01-04 17:39      新浪微博          佛的门徒        1762111395  ...   其他   其他   负面  未预警  //@阿猫阿狗干投行://@别梦依稀笑逝川:有人问东方网是哪的？查看图片//@Creamy蕉...
65532                                  市民爆料：市北区这一开发商欺骗业主  2024-01-04 17:37        微信          住青楼市        3264888833  ...   其他   其他   负面  未预警  最近，有热心市民咨询反映关于“市北区金地华章小区开放商不作为，一而再，再而三欺骗业主”的问题...
65533  我是山东省青岛市城阳区城阳街道城阳村袁宪梓是山省政府颁发的光荣之家，从2023年6月1日开始...  2024-01-04 17:37      新浪微博     吉林四平邹清海冤案        7290453976  ...   其他   其他   负面  未预警  //@翻牌张扣扣:转发微博\n引用:我是山东省青岛市城阳区城阳街道城阳村袁宪梓是山省政府颁发...
65534                                           #人生就是一场戏  2024-01-04 17:37     抖音-江苏          无情社会  1904825738208339  ...   其他   其他   负面  未预警                四十多还想钓人？黄岛隧道几年没有了？现在还收费吗？\n#人生就是一场戏
65535  @公安部刑侦局@全国人大@中国政府网@中国长安网@山东长安网@央视新闻@头条新闻@山东公安@...  2024-01-04 17:37      新浪微博       尊贵的腐败分子        2171274961  ...   其他   其他   负面  未预警  //@东部老兵:转发微博\n引用:@公安部刑侦局@全国人大@中国政府网@中国长安网@山东长安...

[65536 rows x 13 columns], '1211948063':                                                       标题              发布时间          来源信息        作者        作者Id  ... 媒体属性 媒体级别 舆情调性 是否预警                                                 摘要
0      引用:现实中有多少企业把职工困在算法的潜规则里？……父母望子成龙的过度期望也是悲剧的原因之一...  2024-01-04 17:36          新浪微博     迟夙生律师  1935084477  ...   个人   其他   负面  未预警  引用:现实中有多少企业把职工困在算法的潜规则里？……父母望子成龙的过度期望也是悲剧的原因之一...
1      👏热烈欢迎曾赞荣书记来青执政！未来可期。@青岛郑浩:彻查恶意构陷的冤假错案网逃等倒打一耙行政违法行  2024-01-04 17:35          新浪微博     东明微爆料  3700591745  ...   个人   其他   负面  未预警  //@王维高之妻:👏热烈欢迎曾赞荣书记来青执政！未来可期。@青岛郑浩:彻查恶意构陷的冤假错案...
2      👏热烈欢迎曾赞荣书记来青执政！未来可期。@青岛郑浩:彻查恶意构陷的冤假错案网逃等倒打一耙行政违法行  2024-01-04 17:34          新浪微博   车玉明2019  7350802019  ...   个人   其他   负面  未预警  //@王维高之妻:👏热烈欢迎曾赞荣书记来青执政！未来可期。@青岛郑浩:彻查恶意构陷的冤假错案...
3      .:=]/:/@用户7168982993:现潍坊市副市长、原潍坊市组织部长、烟台市芝罘区的杨...  2024-01-04 17:34          新浪微博    石桥铺的星星  7785034344  ...   其他   其他   负面  已预警  .:=]//://@海带扭扭舟京龄://@乡村监督123://@海带扭扭舟京龄:@用户716...
4      :=]/:@用户7168982993:现潍坊市副市长、原潍坊市组织部长、烟台市芝罘区的杨升岩...  2024-01-04 17:34          新浪微博    石桥铺的星星  7785034344  ...   其他   其他   负面  已预警  :=]//@乡村监督123://@海带扭扭舟京龄://@乡村监督123:/:@用户71689...
...                                                  ...               ...           ...       ...         ...  ...  ...  ...  ...  ...                                                ...
11018                                        青岛保税区大火，愿平安  2024-01-01 00:01          哔哩哔哩    清风扇灯留恋   404991667  ...   其他   其他   负面  未预警                                                  -
11019                      香港德威公司猴耍港航公安？流氓不可怕，就怕流氓略有海洋文化  2024-01-01 00:01            微信     疯狂航海员  3258334207  ...   其他   其他   负面  未预警  香港德威公司猴耍港航公安？流氓不可怕，就怕流氓略有海洋文化 远洋杂货“德雅轮”，大型货主自找...
11020             “没去的海口，被骗的青岛，去不了的澳门，少年未忘来时路，确被套上资本的枷锁”  2024-01-01 00:00         快手-重庆  迷ʳᵉⁿ的反派.  3716665896  ...   其他   其他   负面  未预警  时代少年团代号TN\n“没去的海口，被骗的青岛，去不了的澳门，少年未忘来时路，确被套上资本的枷锁”
11021             “没去的海口，被骗的青岛，去不了的澳门，少年未忘来时路，确被套上资本的枷锁”  2024-01-01 00:00         快手-河南    七封匿名信.  2462973835  ...   其他   其他   负面  未预警  2019年11月23日出道时代少年团代号TNT\n“没去的海口，被骗的青岛，去不了的澳门，少...
11022                                 山东省莱西市人民法院限制微信支付功能  2024-01-01 00:00  湘问投诉直通车-投诉举报       NaN         NaN  ...   其他   其他   负面  未预警  本人于2023年11月23日接到通知微.文书编号：（2023）鲁0285财保72号.信支付账...

[11023 rows x 13 columns]}
2026-04-28 08:51:06,374 - INFO - sheet_name=1211948060
2026-04-28 08:51:08,330 - INFO - sheet_name=1211948061
2026-04-28 08:51:10,188 - INFO - sheet_name=1211948062
2026-04-28 08:51:12,308 - INFO - sheet_name=1211948063
2026-04-28 08:55:23,657 - INFO - source_path=[WindowsPath('C:/Users/Administrator/Desktop/青岛负面2024-2026.4.21/青岛负面2024-2026.4.21/青岛市委2024.1.1-3.31.xlsx'), WindowsPath('C:/Users/Administrator/Desktop/青岛负面2024-2026.4.21/青岛负面2024-2026.4.21/青岛市委2024.4.1-8.30.xlsx'), WindowsPath('C:/Users/Administrator/Desktop/青岛负面2024-2026.4.21/青岛负面2024-2026.4.21/青岛市委2024.9.1-12.31.xlsx'), WindowsPath('C:/Users/Administrator/Desktop/青岛负面2024-2026.4.21/青岛负面2024-2026.4.21/青岛市委2025.1.1-5.31.xlsx'), WindowsPath('C:/Users/Administrator/Desktop/青岛负面2024-2026.4.21/青岛负面2024-2026.4.21/青岛市委2025.10.01-12.31.xlsx'), WindowsPath('C:/Users/Administrator/Desktop/青岛负面2024-2026.4.21/青岛负面2024-2026.4.21/青岛市委2025.7.1-9.31.xlsx'), WindowsPath('C:/Users/Administrator/Desktop/青岛负面2024-2026.4.21/青岛负面2024-2026.4.21/青岛市委2026.1.1-4.21.xlsx')]
2026-04-28 08:55:23,658 - INFO - keywords=孙立强|杨亮|杜江|高东|曹月洁|刘刚|杨帆|谭风英|史雷|张华|陈平涛|刘雪|张卫平|丁洁|乔铭|周志强|曹全胜|唐润波|王舒|孙充灿|杨秀|庄建秋|朱宏年|丁磊|孙琳|左成君|刘潇涵|周立国|王振|刘力超|王文若|王艳芳|孟萌|侯琳|刘妃妃|王晓云|郝代盛|王春涛|宋馨然|招婷婷|吕明|魏建坤|俞文峰|袁万鹏|周小星|沈心语|杨健|段文斌|马会良|高维磊|曲启斐|矫春蓉|王珍佩|林风谦|于泳|朱滨|李嘉顺|刘彦辰|隋东|杨阳|赵志城|臧雪飞|杨静贤|李锋|董培岩|丁广明|兰雷刚|庄怀斗|丁玉会|薛丽媛|崔锦涛|王连敬|张国防|刘兆志|张健|崔杰|李振广|张德蒙|杨晓菁|刘芳|杨忠亮|杨宝鹏|杨福云|杨治平|王珺|李慧颖|艾小燕|杨同同|石秋慧|华逢钊|胡忠良|谈绍苓|徐静|纪彬彬|陈宏|李霞|刘河|刘璇|姜瀚博|成方准|黄吉宁|张莉|徐聪涛|吴经岳|谭璐|孙彩芹|孙天怡|王君|许疆生|王兴宝|陈文平|白艳松|董坤|朱本军|孙伟|李明臣|夏照军|宋刚|周鑫良|纪业荣|张建|法清伟|高赛|韩通根|赵钦华|陈超|杨昊|李玉军|鹿伟|迟秀丽|韩晓龙|张其星|包汉勋|崔洁|宋建设|张明先|张宗清|高祀宝|王泽光|郝忠义|唐青|于阔涛|隋成富|马明辉|孙刚|朱国芳|吕军|金延江|韩雷|罗赛|李建平|李超|王涛远|王伟|许召尧|盛学华|姜连伟|盛秀玲|孙希通|郭营|刘兆兵|江世涛|刁新宇|张俊利|张杰|王琳|张文琪|曹培才|赵明霞|朱华|武云霞|金硕|李红|段继文|李培亮|张玮|林小卿|董秦兴|杜倩倩|曹永章|岳文|于娟娟|吕祥铭|刘振|相福至|侯晓宁|王巧玲|张金波|李睿|王国斌|黄祥荣|于恭建|孙理中|褚维东|吴章鑫|徐冬焱|谷大军|王吉霞|车广杰|郑金铠|王敬|肖军霞|杨庆利|孙凤兰|程致远|李鹏|石华军|姜文新|逄增金|王玲梅|邱若东|王太文|孙誉豪|朱新伟|桓立军|谢伟|王公才|殷方杰|邹雪茜|白华珍|颜廷礼|李青钰|贺蕊|王友庆|唐宗队|李琛|李钦宝|于静|李蓓蓓|费扬|陈冬妮|辛鲁|隋利峰|臧伟|李大勇|修文娟|刘楠|陈楷|李志泰|杨咏新|相智才|刘兆元|刘玮|李永正|刘鲁强|邓友成|董韶光|滕乐峰|赵晓霞|李奉强|苗盛|俞尚宏|周平宇|张志强|薛健康|常邑|段薇|王滨|类延霄|娄云洁|苏龙|艾明飞|孙萌萌|姜岩|董国富|姜广强|刘涛|赵杰|任翀|黄贤青|王浩|展波|陈录城|柴纪强|陈斌|鹿遥|刘晓昆|熊媛媛|刘勇|谭丽霞|刘占杰|龚雯雯|霍文璞|刘钢|江兰|贾庆佳|王飞
2026-04-28 08:55:23,658 - INFO - C:\Users\Administrator\Desktop\青岛负面2024-2026.4.21\青岛负面2024-2026.4.21\青岛市委2024.1.1-3.31.xlsx
2026-04-28 08:55:28,764 - INFO - dfs={'1211948060':                                                       标题              发布时间                  来源信息                   作者  ... 媒体级别 舆情调性 是否预警                                                 摘要
0                                       青岛科技大学骂完人就拉黑的素质姐  2024-03-31 23:59                   小红书                芦田爱花花  ...   其他   负面  未预警  这位大姐无缘无故骂错人结果还反咬我一口并且拉黑我。青岛科技大学的uu们可以关注一下这位没有素...
1                                     希望胶南片区设步行街、美食街、夜市等  2024-03-31 23:58  地方领导留言板-山东省青岛市黄岛区委书记          15********0  ...   其他   负面  未预警  胶南人逛街得去开发区，逛夜市得去开发区甚至青岛台东，真心希望领导能在胶南片区设置步行街、美食...
2      我还是那句话，一个人是不是只要觉得自己不要脸天下无敌，就可以这世上做任何事，不顾道德廉耻，甚...  2024-03-31 23:58                  新浪微博         用户7861325871  ...   其他   负面  未预警  我还是那句话，一个人是不是只要觉得自己不要脸天下无敌，就可以这世上做任何事，不顾道德廉耻，甚...
3                          青岛职业技术学院离了有些天儿没那啥了，帮一下小忙呀....  2024-03-31 23:57                  新浪微博         用户7912924804  ...   其他   负面  未预警             转发微博\n引用:青岛职业技术学院离了有些天儿没那啥了，帮一下小忙呀....
4                          青岛职业技术学院离了有些天儿没那啥了，帮一下小忙呀....  2024-03-31 23:57                  新浪微博         用户7911737934  ...   其他   负面  未预警             转发微博\n引用:青岛职业技术学院离了有些天儿没那啥了，帮一下小忙呀....
...                                                  ...               ...                   ...                  ...  ...  ...  ...  ...                                                ...
65531                              青岛候源祥中医药案吴鹏飞继说184拭目以待  2024-03-06 16:59                  西瓜视频                海岸望世界  ...   其他   负面  未预警  快手民间中医冤案（184）作者：其实医生就是天使多少患者向他磕头\n青岛候源祥中医药案吴鹏飞...
65532                  2003年1月22日，当天去了没开，为何案卷中开庭时间进行缺席判决  2024-03-06 16:59              今日头条-微头条              清新蜻蜓2X7  ...   其他   负面  未预警  胶州市法院违法枉法判案执行\n1.法院仅确定一次开庭时间【2003年1月22日，当天去了没开...
65533  山东青岛即墨区江波涉黑恶团伙是2009年以前青岛市公安局反黑组线人、2009年以后青岛市公安...  2024-03-06 16:58                  新浪微博              红船启航破浪行  ...   其他   负面  未预警  山东青岛即墨区江波涉黑恶团伙是2009年以前青岛市公安局反黑组线人、2009年以后青岛市公安...
65534  快递新规实施后。有驿站干脆罢工，已有快递员辞职不千了，难道这是整顿电商开始了，实体店的春天要...  2024-03-06 16:58                 抖音-山东  平度兰底家具城（每晚七点直播）周日休息  ...   其他   负面  未预警  “快递新规”实施后有驿站干脆罢工以后快递员辞职称“没法干下去”网友：支持快递新规电商行业进入...
65535                    疏港高架又开始堵车了。#堵车现场 #集装箱司机 #半挂车驾驶员  2024-03-06 16:58                 抖音-山东          蒋锋【遇知】&旅游@我  ...   其他   负面  未预警  疏港高架早晨堵，中午堵，下午堵。OPPOA935G\n疏港高架又开始堵车了。#堵车现场 #集...

[65536 rows x 13 columns], '1211948061':                                                       标题              发布时间       来源信息            作者  ... 媒体级别 舆情调性 是否预警                                                 摘要
0                                  青岛候源祥中医药案吴鹏飞继说184拭目以待  2024-03-06 16:58       西瓜视频         海岸望世界  ...   其他   负面  未预警  快手民间中医冤案（184）作者：其实医生就是天使多少患者向他磕头\n青岛候源祥中医药案吴鹏飞...
1                                   被贾跃亭全网追击爆打的丁磊，是何许人也？  2024-03-06 16:57      知乎-文章       数字营销肖运华  ...   其他   负面  未预警  引子咦，怎么回事，听说人在美国的贾跃亭，在找人在中国的丁磊的麻烦。丁磊又不造汽车，和贾跃亭也...
2                                   请求西海岸新区政府实地调研，解除薛家岛街  2024-03-06 16:57  闪电新闻-网上问政  网友faa9473fe8  ...   其他   负面  未预警  薛家岛街道不做调研，严重损害维多利亚湾小区居民利益，致使居民生存环境更加恶劣，请求西海岸新区...
3      #毛星火起诉莫言你怎么看？# 我完全赞同！ 因为 ：只要有理有据，只要是依法依规走程序去起诉...  2024-03-06 16:57   今日头条-微头条          早春记忆  ...   其他   负面  未预警  #毛星火起诉莫言你怎么看？#\n我完全赞同！\n因为 ：只要有理有据，只要是依法依规走程序去...
4                      #真人真事#记录真实生活 #正义关注青岛赵磊#正义关注青岛赵磊夫妻  2024-03-06 16:55         抖音            刀娘  ...   其他   负面  未预警  山东省青岛市即墨区警山卫街道南选村，真人真事详见@青岛赵磊2\n#真人真事#记录真实生活 #...
...                                                  ...               ...        ...           ...  ...  ...  ...  ...                                                ...
65531              每次有事，总是甩锅，从不反思自己。事发至今，也没见有一个相关部门出来解决。  2024-01-30 17:15       今日头条    sophie0712  ...   其他   负面  未预警  评论：每次有事，总是甩锅，从不反思自己。事发至今，也没见有一个相关部门出来解决。\n原文：前...
65532                  颂汇谈：闹大了！游客因不坐游艇被骂穷光蛋，网友：青岛文旅出来澄清！  2024-01-30 17:15   今日头条-微头条           颂汇谈  ...   其他   负面  未预警  丑态百出啊！网友直呼“行程有变， 青岛 不敢去了”！越闹越大！游客在青岛旅游被骂穷光蛋！游客...
65533                          ＃青岛栈桥景区相关人员拉票不成辱骂游客＃青岛文旅局  2024-01-30 17:15       西瓜视频      青岛的辽宁人祺哥  ...   其他   负面  未预警  依法严肃处理！青岛市市南区文旅局情况通报陵2024年1月29日桥景区岛游艇目前公安机关正在对...
65534                        闹大了！青岛大妈骂游客穷光蛋，公安介入，整个青岛受牵连  2024-01-30 17:14       西瓜视频         小崔聊天下  ...   其他   负面  未预警  游客因不坐游艇被卖票人员悔辱穷酸样坐不起活该国1月29日山东青岛视频拍摄者称：在青岛栈桥喂海...
65535  网传青岛球迷在主场辱骂李炎哲，我是不信的，特地用原声开到最大，仔细的回看了一遍昨晚的比赛。从...  2024-01-30 17:14   今日头条-微头条          不董体育  ...   其他   负面  未预警  网传青岛球迷在主场辱骂李炎哲，我是不信的，特地用原声开到最大，仔细的回看了一遍昨晚的比赛。从...

[65536 rows x 13 columns], '1211948062':                                                       标题              发布时间      来源信息            作者              作者Id  ... 媒体属性 媒体级别 舆情调性 是否预警                                                 摘要
0      用假证，假章可以随便办理环评手续吗？？？规划是农林用地可以办理环评手续吗？？？城阳区生态环境...  2024-01-30 17:14   闪电新闻-问政  网友6c685519dd          65398045  ...   其他   其他   负面  未预警  实名举报青岛展纬商砼有限公司办理环评手续的材料造假 （2020年青岛生态环境局城阳分局办理环...
1                          栈桥“穷光蛋”辱骂事件曝光！游客遭遇推销地狱，官方怒而反击  2024-01-30 17:13      西瓜视频         飞龙自媒体  3125264152015187  ...   其他   其他   负面  未预警          青岛栈桥一游票推销人员不起栈桥“穷光蛋刀骏样唇骂事件曝光游客遭遇推销地狱官方而反击
2        拒绝坐推销的游艇被当街辱骂？当地文旅局回应：公安机关正在开展调查#青岛栈桥#你怎么看#社会百态  2024-01-30 17:13  今日头条-微头条           粤上冲   905641247665495  ...   其他   其他   负面  未预警  严惩不贷\n引用:拒绝坐推销的游艇被当街辱骂？当地文旅局回应：公安机关正在开展调查#青岛栈桥...
3                            看你俩那穷酸样！女游客拒绝消费青岛栈桥游艇项目，遭辱骂  2024-01-30 17:13      一点资讯     小丽带你去中国旅行           2354901  ...   其他   其他   负面  未预警  近日，一段发生在青岛栈桥的视频引起了广泛关注，其中一位游客因拒绝推销游艇的项目而遭到推销人员...
4                            看你俩那穷酸样！女游客拒绝消费青岛栈桥游艇项目，遭辱骂  2024-01-30 17:13      今日头条          派米随聊  2700878227200120  ...   其他   其他   负面  未预警  近日，一段发生在青岛栈桥的视频引起了广泛关注，其中一位游客因拒绝推销游艇的项目而遭到推销人员...
...                                                  ...               ...       ...           ...               ...  ...  ...  ...  ...  ...                                                ...
65531        有人问东方网是哪的？查看图片/东方网，纵相视频，陈丽娜，亲自举报海南台主持人，牛逼了。  2024-01-04 17:39      新浪微博          佛的门徒        1762111395  ...   其他   其他   负面  未预警  //@阿猫阿狗干投行://@别梦依稀笑逝川:有人问东方网是哪的？查看图片//@Creamy蕉...
65532                                  市民爆料：市北区这一开发商欺骗业主  2024-01-04 17:37        微信          住青楼市        3264888833  ...   其他   其他   负面  未预警  最近，有热心市民咨询反映关于“市北区金地华章小区开放商不作为，一而再，再而三欺骗业主”的问题...
65533  我是山东省青岛市城阳区城阳街道城阳村袁宪梓是山省政府颁发的光荣之家，从2023年6月1日开始...  2024-01-04 17:37      新浪微博     吉林四平邹清海冤案        7290453976  ...   其他   其他   负面  未预警  //@翻牌张扣扣:转发微博\n引用:我是山东省青岛市城阳区城阳街道城阳村袁宪梓是山省政府颁发...
65534                                           #人生就是一场戏  2024-01-04 17:37     抖音-江苏          无情社会  1904825738208339  ...   其他   其他   负面  未预警                四十多还想钓人？黄岛隧道几年没有了？现在还收费吗？\n#人生就是一场戏
65535  @公安部刑侦局@全国人大@中国政府网@中国长安网@山东长安网@央视新闻@头条新闻@山东公安@...  2024-01-04 17:37      新浪微博       尊贵的腐败分子        2171274961  ...   其他   其他   负面  未预警  //@东部老兵:转发微博\n引用:@公安部刑侦局@全国人大@中国政府网@中国长安网@山东长安...

[65536 rows x 13 columns], '1211948063':                                                       标题              发布时间          来源信息        作者        作者Id  ... 媒体属性 媒体级别 舆情调性 是否预警                                                 摘要
0      引用:现实中有多少企业把职工困在算法的潜规则里？……父母望子成龙的过度期望也是悲剧的原因之一...  2024-01-04 17:36          新浪微博     迟夙生律师  1935084477  ...   个人   其他   负面  未预警  引用:现实中有多少企业把职工困在算法的潜规则里？……父母望子成龙的过度期望也是悲剧的原因之一...
1      👏热烈欢迎曾赞荣书记来青执政！未来可期。@青岛郑浩:彻查恶意构陷的冤假错案网逃等倒打一耙行政违法行  2024-01-04 17:35          新浪微博     东明微爆料  3700591745  ...   个人   其他   负面  未预警  //@王维高之妻:👏热烈欢迎曾赞荣书记来青执政！未来可期。@青岛郑浩:彻查恶意构陷的冤假错案...
2      👏热烈欢迎曾赞荣书记来青执政！未来可期。@青岛郑浩:彻查恶意构陷的冤假错案网逃等倒打一耙行政违法行  2024-01-04 17:34          新浪微博   车玉明2019  7350802019  ...   个人   其他   负面  未预警  //@王维高之妻:👏热烈欢迎曾赞荣书记来青执政！未来可期。@青岛郑浩:彻查恶意构陷的冤假错案...
3      .:=]/:/@用户7168982993:现潍坊市副市长、原潍坊市组织部长、烟台市芝罘区的杨...  2024-01-04 17:34          新浪微博    石桥铺的星星  7785034344  ...   其他   其他   负面  已预警  .:=]//://@海带扭扭舟京龄://@乡村监督123://@海带扭扭舟京龄:@用户716...
4      :=]/:@用户7168982993:现潍坊市副市长、原潍坊市组织部长、烟台市芝罘区的杨升岩...  2024-01-04 17:34          新浪微博    石桥铺的星星  7785034344  ...   其他   其他   负面  已预警  :=]//@乡村监督123://@海带扭扭舟京龄://@乡村监督123:/:@用户71689...
...                                                  ...               ...           ...       ...         ...  ...  ...  ...  ...  ...                                                ...
11018                                        青岛保税区大火，愿平安  2024-01-01 00:01          哔哩哔哩    清风扇灯留恋   404991667  ...   其他   其他   负面  未预警                                                  -
11019                      香港德威公司猴耍港航公安？流氓不可怕，就怕流氓略有海洋文化  2024-01-01 00:01            微信     疯狂航海员  3258334207  ...   其他   其他   负面  未预警  香港德威公司猴耍港航公安？流氓不可怕，就怕流氓略有海洋文化 远洋杂货“德雅轮”，大型货主自找...
11020             “没去的海口，被骗的青岛，去不了的澳门，少年未忘来时路，确被套上资本的枷锁”  2024-01-01 00:00         快手-重庆  迷ʳᵉⁿ的反派.  3716665896  ...   其他   其他   负面  未预警  时代少年团代号TN\n“没去的海口，被骗的青岛，去不了的澳门，少年未忘来时路，确被套上资本的枷锁”
11021             “没去的海口，被骗的青岛，去不了的澳门，少年未忘来时路，确被套上资本的枷锁”  2024-01-01 00:00         快手-河南    七封匿名信.  2462973835  ...   其他   其他   负面  未预警  2019年11月23日出道时代少年团代号TNT\n“没去的海口，被骗的青岛，去不了的澳门，少...
11022                                 山东省莱西市人民法院限制微信支付功能  2024-01-01 00:00  湘问投诉直通车-投诉举报       NaN         NaN  ...   其他   其他   负面  未预警  本人于2023年11月23日接到通知微.文书编号：（2023）鲁0285财保72号.信支付账...

[11023 rows x 13 columns]}
2026-04-28 08:55:28,768 - INFO - sheet_name=1211948060
2026-04-28 08:57:37,452 - INFO - source_path=[WindowsPath('C:/Users/Administrator/Desktop/青岛负面2024-2026.4.21/青岛负面2024-2026.4.21/青岛市委2024.1.1-3.31.xlsx'), WindowsPath('C:/Users/Administrator/Desktop/青岛负面2024-2026.4.21/青岛负面2024-2026.4.21/青岛市委2024.4.1-8.30.xlsx'), WindowsPath('C:/Users/Administrator/Desktop/青岛负面2024-2026.4.21/青岛负面2024-2026.4.21/青岛市委2024.9.1-12.31.xlsx'), WindowsPath('C:/Users/Administrator/Desktop/青岛负面2024-2026.4.21/青岛负面2024-2026.4.21/青岛市委2025.1.1-5.31.xlsx'), WindowsPath('C:/Users/Administrator/Desktop/青岛负面2024-2026.4.21/青岛负面2024-2026.4.21/青岛市委2025.10.01-12.31.xlsx'), WindowsPath('C:/Users/Administrator/Desktop/青岛负面2024-2026.4.21/青岛负面2024-2026.4.21/青岛市委2025.7.1-9.31.xlsx'), WindowsPath('C:/Users/Administrator/Desktop/青岛负面2024-2026.4.21/青岛负面2024-2026.4.21/青岛市委2026.1.1-4.21.xlsx')]
2026-04-28 08:57:37,454 - INFO - 正在加载关键字中.....
2026-04-28 08:57:37,454 - INFO - C:\Users\Administrator\Desktop\青岛负面2024-2026.4.21\青岛负面2024-2026.4.21\青岛市委2024.1.1-3.31.xlsx
2026-04-28 08:57:42,622 - INFO - dfs={'1211948060':                                                       标题              发布时间                  来源信息                   作者  ... 媒体级别 舆情调性 是否预警                                                 摘要
0                                       青岛科技大学骂完人就拉黑的素质姐  2024-03-31 23:59                   小红书                芦田爱花花  ...   其他   负面  未预警  这位大姐无缘无故骂错人结果还反咬我一口并且拉黑我。青岛科技大学的uu们可以关注一下这位没有素...
1                                     希望胶南片区设步行街、美食街、夜市等  2024-03-31 23:58  地方领导留言板-山东省青岛市黄岛区委书记          15********0  ...   其他   负面  未预警  胶南人逛街得去开发区，逛夜市得去开发区甚至青岛台东，真心希望领导能在胶南片区设置步行街、美食...
2      我还是那句话，一个人是不是只要觉得自己不要脸天下无敌，就可以这世上做任何事，不顾道德廉耻，甚...  2024-03-31 23:58                  新浪微博         用户7861325871  ...   其他   负面  未预警  我还是那句话，一个人是不是只要觉得自己不要脸天下无敌，就可以这世上做任何事，不顾道德廉耻，甚...
3                          青岛职业技术学院离了有些天儿没那啥了，帮一下小忙呀....  2024-03-31 23:57                  新浪微博         用户7912924804  ...   其他   负面  未预警             转发微博\n引用:青岛职业技术学院离了有些天儿没那啥了，帮一下小忙呀....
4                          青岛职业技术学院离了有些天儿没那啥了，帮一下小忙呀....  2024-03-31 23:57                  新浪微博         用户7911737934  ...   其他   负面  未预警             转发微博\n引用:青岛职业技术学院离了有些天儿没那啥了，帮一下小忙呀....
...                                                  ...               ...                   ...                  ...  ...  ...  ...  ...                                                ...
65531                              青岛候源祥中医药案吴鹏飞继说184拭目以待  2024-03-06 16:59                  西瓜视频                海岸望世界  ...   其他   负面  未预警  快手民间中医冤案（184）作者：其实医生就是天使多少患者向他磕头\n青岛候源祥中医药案吴鹏飞...
65532                  2003年1月22日，当天去了没开，为何案卷中开庭时间进行缺席判决  2024-03-06 16:59              今日头条-微头条              清新蜻蜓2X7  ...   其他   负面  未预警  胶州市法院违法枉法判案执行\n1.法院仅确定一次开庭时间【2003年1月22日，当天去了没开...
65533  山东青岛即墨区江波涉黑恶团伙是2009年以前青岛市公安局反黑组线人、2009年以后青岛市公安...  2024-03-06 16:58                  新浪微博              红船启航破浪行  ...   其他   负面  未预警  山东青岛即墨区江波涉黑恶团伙是2009年以前青岛市公安局反黑组线人、2009年以后青岛市公安...
65534  快递新规实施后。有驿站干脆罢工，已有快递员辞职不千了，难道这是整顿电商开始了，实体店的春天要...  2024-03-06 16:58                 抖音-山东  平度兰底家具城（每晚七点直播）周日休息  ...   其他   负面  未预警  “快递新规”实施后有驿站干脆罢工以后快递员辞职称“没法干下去”网友：支持快递新规电商行业进入...
65535                    疏港高架又开始堵车了。#堵车现场 #集装箱司机 #半挂车驾驶员  2024-03-06 16:58                 抖音-山东          蒋锋【遇知】&旅游@我  ...   其他   负面  未预警  疏港高架早晨堵，中午堵，下午堵。OPPOA935G\n疏港高架又开始堵车了。#堵车现场 #集...

[65536 rows x 13 columns], '1211948061':                                                       标题              发布时间       来源信息            作者  ... 媒体级别 舆情调性 是否预警                                                 摘要
0                                  青岛候源祥中医药案吴鹏飞继说184拭目以待  2024-03-06 16:58       西瓜视频         海岸望世界  ...   其他   负面  未预警  快手民间中医冤案（184）作者：其实医生就是天使多少患者向他磕头\n青岛候源祥中医药案吴鹏飞...
1                                   被贾跃亭全网追击爆打的丁磊，是何许人也？  2024-03-06 16:57      知乎-文章       数字营销肖运华  ...   其他   负面  未预警  引子咦，怎么回事，听说人在美国的贾跃亭，在找人在中国的丁磊的麻烦。丁磊又不造汽车，和贾跃亭也...
2                                   请求西海岸新区政府实地调研，解除薛家岛街  2024-03-06 16:57  闪电新闻-网上问政  网友faa9473fe8  ...   其他   负面  未预警  薛家岛街道不做调研，严重损害维多利亚湾小区居民利益，致使居民生存环境更加恶劣，请求西海岸新区...
3      #毛星火起诉莫言你怎么看？# 我完全赞同！ 因为 ：只要有理有据，只要是依法依规走程序去起诉...  2024-03-06 16:57   今日头条-微头条          早春记忆  ...   其他   负面  未预警  #毛星火起诉莫言你怎么看？#\n我完全赞同！\n因为 ：只要有理有据，只要是依法依规走程序去...
4                      #真人真事#记录真实生活 #正义关注青岛赵磊#正义关注青岛赵磊夫妻  2024-03-06 16:55         抖音            刀娘  ...   其他   负面  未预警  山东省青岛市即墨区警山卫街道南选村，真人真事详见@青岛赵磊2\n#真人真事#记录真实生活 #...
...                                                  ...               ...        ...           ...  ...  ...  ...  ...                                                ...
65531              每次有事，总是甩锅，从不反思自己。事发至今，也没见有一个相关部门出来解决。  2024-01-30 17:15       今日头条    sophie0712  ...   其他   负面  未预警  评论：每次有事，总是甩锅，从不反思自己。事发至今，也没见有一个相关部门出来解决。\n原文：前...
65532                  颂汇谈：闹大了！游客因不坐游艇被骂穷光蛋，网友：青岛文旅出来澄清！  2024-01-30 17:15   今日头条-微头条           颂汇谈  ...   其他   负面  未预警  丑态百出啊！网友直呼“行程有变， 青岛 不敢去了”！越闹越大！游客在青岛旅游被骂穷光蛋！游客...
65533                          ＃青岛栈桥景区相关人员拉票不成辱骂游客＃青岛文旅局  2024-01-30 17:15       西瓜视频      青岛的辽宁人祺哥  ...   其他   负面  未预警  依法严肃处理！青岛市市南区文旅局情况通报陵2024年1月29日桥景区岛游艇目前公安机关正在对...
65534                        闹大了！青岛大妈骂游客穷光蛋，公安介入，整个青岛受牵连  2024-01-30 17:14       西瓜视频         小崔聊天下  ...   其他   负面  未预警  游客因不坐游艇被卖票人员悔辱穷酸样坐不起活该国1月29日山东青岛视频拍摄者称：在青岛栈桥喂海...
65535  网传青岛球迷在主场辱骂李炎哲，我是不信的，特地用原声开到最大，仔细的回看了一遍昨晚的比赛。从...  2024-01-30 17:14   今日头条-微头条          不董体育  ...   其他   负面  未预警  网传青岛球迷在主场辱骂李炎哲，我是不信的，特地用原声开到最大，仔细的回看了一遍昨晚的比赛。从...

[65536 rows x 13 columns], '1211948062':                                                       标题              发布时间      来源信息            作者              作者Id  ... 媒体属性 媒体级别 舆情调性 是否预警                                                 摘要
0      用假证，假章可以随便办理环评手续吗？？？规划是农林用地可以办理环评手续吗？？？城阳区生态环境...  2024-01-30 17:14   闪电新闻-问政  网友6c685519dd          65398045  ...   其他   其他   负面  未预警  实名举报青岛展纬商砼有限公司办理环评手续的材料造假 （2020年青岛生态环境局城阳分局办理环...
1                          栈桥“穷光蛋”辱骂事件曝光！游客遭遇推销地狱，官方怒而反击  2024-01-30 17:13      西瓜视频         飞龙自媒体  3125264152015187  ...   其他   其他   负面  未预警          青岛栈桥一游票推销人员不起栈桥“穷光蛋刀骏样唇骂事件曝光游客遭遇推销地狱官方而反击
2        拒绝坐推销的游艇被当街辱骂？当地文旅局回应：公安机关正在开展调查#青岛栈桥#你怎么看#社会百态  2024-01-30 17:13  今日头条-微头条           粤上冲   905641247665495  ...   其他   其他   负面  未预警  严惩不贷\n引用:拒绝坐推销的游艇被当街辱骂？当地文旅局回应：公安机关正在开展调查#青岛栈桥...
3                            看你俩那穷酸样！女游客拒绝消费青岛栈桥游艇项目，遭辱骂  2024-01-30 17:13      一点资讯     小丽带你去中国旅行           2354901  ...   其他   其他   负面  未预警  近日，一段发生在青岛栈桥的视频引起了广泛关注，其中一位游客因拒绝推销游艇的项目而遭到推销人员...
4                            看你俩那穷酸样！女游客拒绝消费青岛栈桥游艇项目，遭辱骂  2024-01-30 17:13      今日头条          派米随聊  2700878227200120  ...   其他   其他   负面  未预警  近日，一段发生在青岛栈桥的视频引起了广泛关注，其中一位游客因拒绝推销游艇的项目而遭到推销人员...
...                                                  ...               ...       ...           ...               ...  ...  ...  ...  ...  ...                                                ...
65531        有人问东方网是哪的？查看图片/东方网，纵相视频，陈丽娜，亲自举报海南台主持人，牛逼了。  2024-01-04 17:39      新浪微博          佛的门徒        1762111395  ...   其他   其他   负面  未预警  //@阿猫阿狗干投行://@别梦依稀笑逝川:有人问东方网是哪的？查看图片//@Creamy蕉...
65532                                  市民爆料：市北区这一开发商欺骗业主  2024-01-04 17:37        微信          住青楼市        3264888833  ...   其他   其他   负面  未预警  最近，有热心市民咨询反映关于“市北区金地华章小区开放商不作为，一而再，再而三欺骗业主”的问题...
65533  我是山东省青岛市城阳区城阳街道城阳村袁宪梓是山省政府颁发的光荣之家，从2023年6月1日开始...  2024-01-04 17:37      新浪微博     吉林四平邹清海冤案        7290453976  ...   其他   其他   负面  未预警  //@翻牌张扣扣:转发微博\n引用:我是山东省青岛市城阳区城阳街道城阳村袁宪梓是山省政府颁发...
65534                                           #人生就是一场戏  2024-01-04 17:37     抖音-江苏          无情社会  1904825738208339  ...   其他   其他   负面  未预警                四十多还想钓人？黄岛隧道几年没有了？现在还收费吗？\n#人生就是一场戏
65535  @公安部刑侦局@全国人大@中国政府网@中国长安网@山东长安网@央视新闻@头条新闻@山东公安@...  2024-01-04 17:37      新浪微博       尊贵的腐败分子        2171274961  ...   其他   其他   负面  未预警  //@东部老兵:转发微博\n引用:@公安部刑侦局@全国人大@中国政府网@中国长安网@山东长安...

[65536 rows x 13 columns], '1211948063':                                                       标题              发布时间          来源信息        作者        作者Id  ... 媒体属性 媒体级别 舆情调性 是否预警                                                 摘要
0      引用:现实中有多少企业把职工困在算法的潜规则里？……父母望子成龙的过度期望也是悲剧的原因之一...  2024-01-04 17:36          新浪微博     迟夙生律师  1935084477  ...   个人   其他   负面  未预警  引用:现实中有多少企业把职工困在算法的潜规则里？……父母望子成龙的过度期望也是悲剧的原因之一...
1      👏热烈欢迎曾赞荣书记来青执政！未来可期。@青岛郑浩:彻查恶意构陷的冤假错案网逃等倒打一耙行政违法行  2024-01-04 17:35          新浪微博     东明微爆料  3700591745  ...   个人   其他   负面  未预警  //@王维高之妻:👏热烈欢迎曾赞荣书记来青执政！未来可期。@青岛郑浩:彻查恶意构陷的冤假错案...
2      👏热烈欢迎曾赞荣书记来青执政！未来可期。@青岛郑浩:彻查恶意构陷的冤假错案网逃等倒打一耙行政违法行  2024-01-04 17:34          新浪微博   车玉明2019  7350802019  ...   个人   其他   负面  未预警  //@王维高之妻:👏热烈欢迎曾赞荣书记来青执政！未来可期。@青岛郑浩:彻查恶意构陷的冤假错案...
3      .:=]/:/@用户7168982993:现潍坊市副市长、原潍坊市组织部长、烟台市芝罘区的杨...  2024-01-04 17:34          新浪微博    石桥铺的星星  7785034344  ...   其他   其他   负面  已预警  .:=]//://@海带扭扭舟京龄://@乡村监督123://@海带扭扭舟京龄:@用户716...
4      :=]/:@用户7168982993:现潍坊市副市长、原潍坊市组织部长、烟台市芝罘区的杨升岩...  2024-01-04 17:34          新浪微博    石桥铺的星星  7785034344  ...   其他   其他   负面  已预警  :=]//@乡村监督123://@海带扭扭舟京龄://@乡村监督123:/:@用户71689...
...                                                  ...               ...           ...       ...         ...  ...  ...  ...  ...  ...                                                ...
11018                                        青岛保税区大火，愿平安  2024-01-01 00:01          哔哩哔哩    清风扇灯留恋   404991667  ...   其他   其他   负面  未预警                                                  -
11019                      香港德威公司猴耍港航公安？流氓不可怕，就怕流氓略有海洋文化  2024-01-01 00:01            微信     疯狂航海员  3258334207  ...   其他   其他   负面  未预警  香港德威公司猴耍港航公安？流氓不可怕，就怕流氓略有海洋文化 远洋杂货“德雅轮”，大型货主自找...
11020             “没去的海口，被骗的青岛，去不了的澳门，少年未忘来时路，确被套上资本的枷锁”  2024-01-01 00:00         快手-重庆  迷ʳᵉⁿ的反派.  3716665896  ...   其他   其他   负面  未预警  时代少年团代号TN\n“没去的海口，被骗的青岛，去不了的澳门，少年未忘来时路，确被套上资本的枷锁”
11021             “没去的海口，被骗的青岛，去不了的澳门，少年未忘来时路，确被套上资本的枷锁”  2024-01-01 00:00         快手-河南    七封匿名信.  2462973835  ...   其他   其他   负面  未预警  2019年11月23日出道时代少年团代号TNT\n“没去的海口，被骗的青岛，去不了的澳门，少...
11022                                 山东省莱西市人民法院限制微信支付功能  2024-01-01 00:00  湘问投诉直通车-投诉举报       NaN         NaN  ...   其他   其他   负面  未预警  本人于2023年11月23日接到通知微.文书编号：（2023）鲁0285财保72号.信支付账...

[11023 rows x 13 columns]}
2026-04-28 08:57:42,625 - INFO - sheet_name=1211948060
2026-04-28 08:57:42,963 - INFO - sheet_name=1211948061
2026-04-28 08:57:43,314 - INFO - sheet_name=1211948062
2026-04-28 08:57:43,673 - INFO - sheet_name=1211948063
2026-04-28 08:57:43,806 - INFO - C:\Users\Administrator\Desktop\青岛负面2024-2026.4.21\青岛负面2024-2026.4.21\青岛市委2024.4.1-8.30.xlsx
2026-04-28 08:57:59,356 - INFO - dfs={'总表':                                                        标题              发布时间          来源信息        作者                 作者Id  ... 媒体属性 媒体级别 舆情调性 是否预警                                                 摘要
0                                   经常邪淫的人，别人一眼就能看出来，信不信？  2024-04-01 00:00            微信   鲜花天降的法縁           3860582801  ...   其他   其他   负面  未预警  \n\n我从来不相信面相，也觉得在街上给人看面相的那些人基本都是骗子，但是今天发生的一件事情...
1                       “骗老百姓的钱就得抓起来送进去！”男子街头象棋残局诈骗民警狂追拿下  2024-04-01 00:00          新浪微博   荞麦12138           5745604580  ...   其他   其他   负面  未预警  转发微博\n引用:#大爷路边玩4局象棋输掉4600元#【“骗老百姓的钱就得抓起来送进去！”#...
2                                    所有同行不要卖，谁卖谁丧良心。 2024  2024-04-01 00:00      今日头条-微头条     李锡钢青岛         105405668576  ...   其他   其他   负面  未预警  买卖却弄不清楚的人，还是先把字弄明白了意思，再说吧。\n引用:所有同行不要卖，谁卖谁丧良心。...
3                                     平度：公园壹号项目被评扬尘治理较差工地  2024-04-01 00:00            微信      记忆平度           3527126277  ...   其他   其他   负面  未预警  3月26日，青岛市住房和城乡建设局发布了关于2024年第二轮房屋建筑和市政公用工程工地扬尘治...
4                                     山东莱西市人民法院违规冻结微信支付功能  2024-04-01 00:00  湘问投诉直通车-投诉举报       NaN                  NaN  ...   其他   其他   负面  未预警  本人于2024年4月1日10点16分接到微信支付通知（2024）鲁0285财保73号，微信支...
...                                                   ...               ...           ...       ...                  ...  ...  ...  ...  ...  ...                                                ...
751383                           身份曝光！青岛逆行还打人的路虎女司机并非公职人员  2024-08-31 23:59         搜狐APP      抽屉视频  7228631187261482607  ...   个人   其他   负面  未预警                           身份曝光！青岛逆行还打人的路虎女司机并非公职人员
751384  青岛路虎女司机逆行打人事件引发关注，该女子身份曝光，家境优越，生活奢侈。被打男子表示不会妥协...  2024-08-31 23:59      今日头条-微头条  一往无前旭日sI                  NaN  ...   其他   其他   负面  已预警  青岛 路虎女司机逆行打人事件引发关注，该女子身份曝光，家境优越，生活奢侈。被打男子表示不会妥...
751385                                 #崂山打人事件 #路虎女 #退役军人  2024-08-31 23:59            抖音      笃笃悠悠          86404113964  ...   其他   其他   负面  未预警            应当切实保障退役军人崂山小林的合法权益\n#崂山打人事件 #路虎女 #退役军人
751386                                      #女子驾车逆行还打人被行拘  2024-08-31 23:59      今日头条-微头条   自由自在的i人     3509233138800333  ...   其他   其他   负面  未预警  打几个字，表示我的关注，不能让这个事不了了之，青岛还能不能干点让人信服的事了#女子驾车逆行还...
751387                                 #崂山打人事件 #路虎女 #退役军人  2024-08-31 23:59      今日头条-微头条    今日惠享生活           3667459699  ...   其他   其他   负面  已预警            应当切实保障退役军人崂山小林的合法权益\n#崂山打人事件 #路虎女 #退役军人

[751388 rows x 13 columns]}
2026-04-28 08:57:59,356 - INFO - sheet_name=总表
2026-04-28 09:08:27,191 - INFO - source_path=[WindowsPath('C:/Users/Administrator/Desktop/青岛负面2024-2026.4.21/青岛负面2024-2026.4.21/青岛市委2024.1.1-3.31.xlsx'), WindowsPath('C:/Users/Administrator/Desktop/青岛负面2024-2026.4.21/青岛负面2024-2026.4.21/青岛市委2024.4.1-8.30.xlsx'), WindowsPath('C:/Users/Administrator/Desktop/青岛负面2024-2026.4.21/青岛负面2024-2026.4.21/青岛市委2024.9.1-12.31.xlsx'), WindowsPath('C:/Users/Administrator/Desktop/青岛负面2024-2026.4.21/青岛负面2024-2026.4.21/青岛市委2025.1.1-5.31.xlsx'), WindowsPath('C:/Users/Administrator/Desktop/青岛负面2024-2026.4.21/青岛负面2024-2026.4.21/青岛市委2025.10.01-12.31.xlsx'), WindowsPath('C:/Users/Administrator/Desktop/青岛负面2024-2026.4.21/青岛负面2024-2026.4.21/青岛市委2025.7.1-9.31.xlsx'), WindowsPath('C:/Users/Administrator/Desktop/青岛负面2024-2026.4.21/青岛负面2024-2026.4.21/青岛市委2026.1.1-4.21.xlsx')]
2026-04-28 09:08:27,196 - INFO - 正在加载关键字中.....
2026-04-28 09:08:27,196 - INFO - 准备处理：C:\Users\Administrator\Desktop\青岛负面2024-2026.4.21\青岛负面2024-2026.4.21\青岛市委2024.1.1-3.31.xlsx
2026-04-28 09:08:31,710 - INFO - sheet_name=1211948060
2026-04-28 09:08:32,052 - INFO - sheet_name=1211948061
2026-04-28 09:08:32,382 - INFO - sheet_name=1211948062
2026-04-28 09:08:32,760 - INFO - sheet_name=1211948063
2026-04-28 09:08:32,900 - INFO - 准备处理：C:\Users\Administrator\Desktop\青岛负面2024-2026.4.21\青岛负面2024-2026.4.21\青岛市委2024.4.1-8.30.xlsx
2026-04-28 09:08:48,919 - INFO - sheet_name=总表
2026-04-28 09:08:52,234 - INFO - 准备处理：C:\Users\Administrator\Desktop\青岛负面2024-2026.4.21\青岛负面2024-2026.4.21\青岛市委2024.9.1-12.31.xlsx
2026-04-28 09:09:13,939 - INFO - sheet_name=总表
2026-04-28 09:09:18,085 - INFO - 准备处理：C:\Users\Administrator\Desktop\青岛负面2024-2026.4.21\青岛负面2024-2026.4.21\青岛市委2025.1.1-5.31.xlsx
2026-04-28 09:09:27,039 - INFO - sheet_name=总表
2026-04-28 09:09:28,954 - INFO - 准备处理：C:\Users\Administrator\Desktop\青岛负面2024-2026.4.21\青岛负面2024-2026.4.21\青岛市委2025.10.01-12.31.xlsx
2026-04-28 09:09:31,627 - INFO - sheet_name=1211823500
2026-04-28 09:09:31,911 - INFO - sheet_name=1211823501
2026-04-28 09:09:32,207 - INFO - 准备处理：C:\Users\Administrator\Desktop\青岛负面2024-2026.4.21\青岛负面2024-2026.4.21\青岛市委2025.7.1-9.31.xlsx
2026-04-28 09:09:45,375 - INFO - sheet_name=1211827310
2026-04-28 09:09:45,679 - INFO - sheet_name=1211827311
2026-04-28 09:09:45,891 - INFO - sheet_name=1211827312
2026-04-28 09:09:46,061 - INFO - sheet_name=1211827313
2026-04-28 09:09:46,176 - INFO - sheet_name=1211827314
2026-04-28 09:09:46,304 - INFO - sheet_name=1211827315
2026-04-28 09:09:46,422 - INFO - sheet_name=1211827316
2026-04-28 09:09:46,530 - INFO - sheet_name=1211827317
2026-04-28 09:09:46,615 - INFO - sheet_name=1211827318
2026-04-28 09:09:46,770 - INFO - sheet_name=1211827319
2026-04-28 09:09:47,070 - INFO - sheet_name=12118273110
2026-04-28 09:09:47,366 - INFO - 准备处理：C:\Users\Administrator\Desktop\青岛负面2024-2026.4.21\青岛负面2024-2026.4.21\青岛市委2026.1.1-4.21.xlsx
2026-04-28 09:09:50,359 - INFO - sheet_name=1211821210
2026-04-28 09:09:50,676 - INFO - sheet_name=1211821211
2026-04-28 09:09:50,953 - INFO - sheet_name=1211821212
2026-04-28 09:09:52,515 - INFO - 耗时： 85.3237977027893秒
2026-04-28 09:17:29,111 - INFO - source_path=[WindowsPath('C:/Users/Administrator/Desktop/青岛负面2024-2026.4.21/青岛负面2024-2026.4.21/青岛市委2024.1.1-3.31.xlsx'), WindowsPath('C:/Users/Administrator/Desktop/青岛负面2024-2026.4.21/青岛负面2024-2026.4.21/青岛市委2024.4.1-8.30.xlsx'), WindowsPath('C:/Users/Administrator/Desktop/青岛负面2024-2026.4.21/青岛负面2024-2026.4.21/青岛市委2024.9.1-12.31.xlsx'), WindowsPath('C:/Users/Administrator/Desktop/青岛负面2024-2026.4.21/青岛负面2024-2026.4.21/青岛市委2025.1.1-5.31.xlsx'), WindowsPath('C:/Users/Administrator/Desktop/青岛负面2024-2026.4.21/青岛负面2024-2026.4.21/青岛市委2025.10.01-12.31.xlsx'), WindowsPath('C:/Users/Administrator/Desktop/青岛负面2024-2026.4.21/青岛负面2024-2026.4.21/青岛市委2025.7.1-9.31.xlsx'), WindowsPath('C:/Users/Administrator/Desktop/青岛负面2024-2026.4.21/青岛负面2024-2026.4.21/青岛市委2026.1.1-4.21.xlsx')]
2026-04-28 09:17:29,111 - INFO - 正在加载关键字中.....
2026-04-28 09:17:29,111 - INFO - 准备处理：青岛市委2024.1.1-3.31.xlsx
2026-04-28 09:17:33,807 - INFO - sheet_name=1211948060
2026-04-28 09:17:34,168 - INFO - sheet_name=1211948061
2026-04-28 09:17:34,512 - INFO - sheet_name=1211948062
2026-04-28 09:17:34,887 - INFO - sheet_name=1211948063
2026-04-28 09:17:35,028 - INFO - 准备处理：青岛市委2024.4.1-8.30.xlsx
2026-04-28 09:17:50,393 - INFO - sheet_name=总表
2026-04-28 09:17:53,243 - INFO - 准备处理：青岛市委2024.9.1-12.31.xlsx
2026-04-28 09:18:13,900 - INFO - sheet_name=总表
2026-04-28 09:18:17,988 - INFO - 准备处理：青岛市委2025.1.1-5.31.xlsx
2026-04-28 09:18:26,877 - INFO - sheet_name=总表
2026-04-28 09:18:28,804 - INFO - 准备处理：青岛市委2025.10.01-12.31.xlsx
2026-04-28 09:18:31,468 - INFO - sheet_name=1211823500
2026-04-28 09:18:31,753 - INFO - sheet_name=1211823501
2026-04-28 09:18:32,040 - INFO - 准备处理：青岛市委2025.7.1-9.31.xlsx
2026-04-28 09:18:45,190 - INFO - sheet_name=1211827310
2026-04-28 09:18:45,477 - INFO - sheet_name=1211827311
2026-04-28 09:18:45,681 - INFO - sheet_name=1211827312
2026-04-28 09:18:45,852 - INFO - sheet_name=1211827313
2026-04-28 09:18:45,968 - INFO - sheet_name=1211827314
2026-04-28 09:18:46,075 - INFO - sheet_name=1211827315
2026-04-28 09:18:46,204 - INFO - sheet_name=1211827316
2026-04-28 09:18:46,399 - INFO - sheet_name=1211827317
2026-04-28 09:18:46,492 - INFO - sheet_name=1211827318
2026-04-28 09:18:46,648 - INFO - sheet_name=1211827319
2026-04-28 09:18:46,931 - INFO - sheet_name=12118273110
2026-04-28 09:18:47,243 - INFO - 准备处理：青岛市委2026.1.1-4.21.xlsx
2026-04-28 09:18:50,217 - INFO - sheet_name=1211821210
2026-04-28 09:18:50,520 - INFO - sheet_name=1211821211
2026-04-28 09:18:50,811 - INFO - sheet_name=1211821212
2026-04-28 09:18:52,326 - INFO - 耗时： 83.21486115455627秒
