2026-04-29 11:32:26,078 - INFO - ---系统启动---
2026-04-29 11:33:40,551 - INFO - ---系统启动---
2026-04-29 11:33:40,552 - INFO - 加载路径目录：C:\Users\Administrator\Desktop\青岛负面2024-2026.4.21\青岛负面2024-2026.4.21
2026-04-29 11:33:40,553 - INFO - 共找到7个excel文件,准备处理....
2026-04-29 11:33:40,554 - INFO - source_path=[WindowsPath('C:/Users/Administrator/Desktop/青岛负面2024-2026.4.21/青岛负面2024-2026.4.21/青岛市委2024.1.1-3.31.xlsx'), WindowsPath('C:/Users/Administrator/Desktop/青岛负面2024-2026.4.21/青岛负面2024-2026.4.21/青岛市委2024.4.1-8.30.xlsx'), WindowsPath('C:/Users/Administrator/Desktop/青岛负面2024-2026.4.21/青岛负面2024-2026.4.21/青岛市委2024.9.1-12.31.xlsx'), WindowsPath('C:/Users/Administrator/Desktop/青岛负面2024-2026.4.21/青岛负面2024-2026.4.21/青岛市委2025.1.1-5.31.xlsx'), WindowsPath('C:/Users/Administrator/Desktop/青岛负面2024-2026.4.21/青岛负面2024-2026.4.21/青岛市委2025.10.01-12.31.xlsx'), WindowsPath('C:/Users/Administrator/Desktop/青岛负面2024-2026.4.21/青岛负面2024-2026.4.21/青岛市委2025.7.1-9.31.xlsx'), WindowsPath('C:/Users/Administrator/Desktop/青岛负面2024-2026.4.21/青岛负面2024-2026.4.21/青岛市委2026.1.1-4.21.xlsx')]
2026-04-29 11:33:40,554 - INFO - 加载关键字中.....
2026-04-29 11:33:40,554 - INFO - >>>正在处理：青岛市委2024.1.1-3.31.xlsx
2026-04-29 11:33:45,633 - INFO -   ->正在读取工作表：1211948060
2026-04-29 11:33:46,000 - INFO -     -1211948060中匹配225行
2026-04-29 11:33:46,000 - INFO -   ->正在读取工作表：1211948061
2026-04-29 11:33:46,375 - INFO -     -1211948061中匹配144行
2026-04-29 11:33:46,376 - INFO -   ->正在读取工作表：1211948062
2026-04-29 11:33:46,761 - INFO -     -1211948062中匹配120行
2026-04-29 11:33:46,761 - INFO -   ->正在读取工作表：1211948063
2026-04-29 11:33:46,871 - INFO -     -1211948063中匹配17行
2026-04-29 11:33:46,954 - INFO - >>>正在处理：青岛市委2024.4.1-8.30.xlsx
2026-04-29 11:34:02,611 - INFO -   ->正在读取工作表：总表
2026-04-29 11:34:05,567 - INFO -     -总表中匹配2062行
2026-04-29 11:34:05,682 - INFO - >>>正在处理：青岛市委2024.9.1-12.31.xlsx
2026-04-29 11:34:27,698 - INFO -   ->正在读取工作表：总表
2026-04-29 11:34:31,878 - INFO -     -总表中匹配3240行
2026-04-29 11:34:32,065 - INFO - >>>正在处理：青岛市委2025.1.1-5.31.xlsx
2026-04-29 11:34:41,974 - INFO -   ->正在读取工作表：总表
2026-04-29 11:34:44,136 - INFO -     -总表中匹配3993行
2026-04-29 11:34:44,235 - INFO - >>>正在处理：青岛市委2025.10.01-12.31.xlsx
2026-04-29 11:34:47,785 - INFO -   ->正在读取工作表：1211823500
2026-04-29 11:34:48,162 - INFO -     -1211823500中匹配178行
2026-04-29 11:34:48,163 - INFO -   ->正在读取工作表：1211823501
2026-04-29 11:34:48,437 - INFO -     -1211823501中匹配239行
2026-04-29 11:34:48,488 - INFO - >>>正在处理：青岛市委2025.7.1-9.31.xlsx
2026-04-29 11:35:03,248 - INFO -   ->正在读取工作表：1211827310
2026-04-29 11:35:03,548 - INFO -     -1211827310中匹配234行
2026-04-29 11:35:03,548 - INFO -   ->正在读取工作表：1211827311
2026-04-29 11:35:03,759 - INFO -     -1211827311中匹配115行
2026-04-29 11:35:03,760 - INFO -   ->正在读取工作表：1211827312
2026-04-29 11:35:03,930 - INFO -     -1211827312中匹配12行
2026-04-29 11:35:03,931 - INFO -   ->正在读取工作表：1211827313
2026-04-29 11:35:04,053 - INFO -     -1211827313中匹配2行
2026-04-29 11:35:04,054 - INFO -   ->正在读取工作表：1211827314
2026-04-29 11:35:04,174 - INFO -     -1211827314中匹配1行
2026-04-29 11:35:04,175 - INFO -   ->正在读取工作表：1211827315
2026-04-29 11:35:04,294 - INFO -     -1211827315中匹配7行
2026-04-29 11:35:04,295 - INFO -   ->正在读取工作表：1211827316
2026-04-29 11:35:04,392 - WARNING - 没有找到相关
2026-04-29 11:35:04,393 - INFO -   ->正在读取工作表：1211827317
2026-04-29 11:35:04,484 - WARNING - 没有找到相关
2026-04-29 11:35:04,484 - INFO -   ->正在读取工作表：1211827318
2026-04-29 11:35:04,646 - INFO -     -1211827318中匹配39行
2026-04-29 11:35:04,647 - INFO -   ->正在读取工作表：1211827319
2026-04-29 11:35:04,939 - INFO -     -1211827319中匹配119行
2026-04-29 11:35:04,939 - INFO -   ->正在读取工作表：12118273110
2026-04-29 11:35:05,153 - INFO -     -12118273110中匹配111行
2026-04-29 11:35:05,290 - INFO - >>>正在处理：青岛市委2026.1.1-4.21.xlsx
2026-04-29 11:35:08,313 - INFO -   ->正在读取工作表：1211821210
2026-04-29 11:35:08,623 - INFO -     -1211821210中匹配266行
2026-04-29 11:35:08,624 - INFO -   ->正在读取工作表：1211821211
2026-04-29 11:35:08,917 - INFO -     -1211821211中匹配113行
2026-04-29 11:35:08,917 - INFO -   ->正在读取工作表：1211821212
2026-04-29 11:35:08,966 - INFO -     -1211821212中匹配5行
2026-04-29 11:35:10,849 - INFO - ---系统结束---
2026-04-29 11:35:10,849 - INFO - 总耗时： 90.29837465286255秒
2026-04-29 16:47:31,961 - INFO - ---系统启动---
2026-04-29 16:47:32,023 - INFO - 加载路径目录：C:\Users\Administrator\Desktop\青岛负面2024-2026.4.21\青岛负面2024-2026.4.21
2026-04-29 16:47:32,072 - INFO - 共找到7个excel文件,准备处理....
2026-04-29 16:47:32,113 - INFO - 加载关键字中.....
2026-04-29 16:47:32,119 - INFO - >>>正在处理：青岛市委2024.1.1-3.31.xlsx
2026-04-29 16:47:36,856 - INFO -   ->正在读取工作表：1211948060
2026-04-29 16:47:37,205 - INFO -     -1211948060中匹配225行
2026-04-29 16:47:37,205 - INFO -   ->正在读取工作表：1211948061
2026-04-29 16:47:37,550 - INFO -     -1211948061中匹配144行
2026-04-29 16:47:37,550 - INFO -   ->正在读取工作表：1211948062
2026-04-29 16:47:37,962 - INFO -     -1211948062中匹配120行
2026-04-29 16:47:37,963 - INFO -   ->正在读取工作表：1211948063
2026-04-29 16:47:38,053 - INFO -     -1211948063中匹配17行
2026-04-29 16:47:38,132 - INFO - >>>正在处理：青岛市委2024.4.1-8.30.xlsx
2026-04-29 16:47:54,549 - INFO -   ->正在读取工作表：总表
2026-04-29 16:47:57,865 - INFO -     -总表中匹配2062行
2026-04-29 16:47:58,015 - INFO - >>>正在处理：青岛市委2024.9.1-12.31.xlsx
2026-04-29 16:48:23,924 - INFO -   ->正在读取工作表：总表
2026-04-29 16:48:28,135 - INFO -     -总表中匹配3240行
2026-04-29 16:48:28,338 - INFO - >>>正在处理：青岛市委2025.1.1-5.31.xlsx
2026-04-29 16:48:38,598 - INFO -   ->正在读取工作表：总表
2026-04-29 16:48:40,598 - INFO -     -总表中匹配3993行
2026-04-29 16:48:40,685 - INFO - >>>正在处理：青岛市委2025.10.01-12.31.xlsx
2026-04-29 16:48:43,626 - INFO -   ->正在读取工作表：1211823500
2026-04-29 16:48:43,938 - INFO -     -1211823500中匹配178行
2026-04-29 16:48:43,938 - INFO -   ->正在读取工作表：1211823501
2026-04-29 16:48:44,216 - INFO -     -1211823501中匹配239行
2026-04-29 16:48:44,237 - INFO - >>>正在处理：青岛市委2025.7.1-9.31.xlsx
2026-04-29 16:48:58,215 - INFO -   ->正在读取工作表：1211827310
2026-04-29 16:48:58,559 - INFO -     -1211827310中匹配234行
2026-04-29 16:48:58,560 - INFO -   ->正在读取工作表：1211827311
2026-04-29 16:48:58,794 - INFO -     -1211827311中匹配115行
2026-04-29 16:48:58,794 - INFO -   ->正在读取工作表：1211827312
2026-04-29 16:48:58,962 - INFO -     -1211827312中匹配12行
2026-04-29 16:48:58,962 - INFO -   ->正在读取工作表：1211827313
2026-04-29 16:48:59,087 - INFO -     -1211827313中匹配2行
2026-04-29 16:48:59,087 - INFO -   ->正在读取工作表：1211827314
2026-04-29 16:48:59,213 - INFO -     -1211827314中匹配1行
2026-04-29 16:48:59,213 - INFO -   ->正在读取工作表：1211827315
2026-04-29 16:48:59,347 - INFO -     -1211827315中匹配7行
2026-04-29 16:48:59,347 - INFO -   ->正在读取工作表：1211827316
2026-04-29 16:48:59,446 - WARNING - 没有找到相关
2026-04-29 16:48:59,446 - INFO -   ->正在读取工作表：1211827317
2026-04-29 16:48:59,538 - WARNING - 没有找到相关
2026-04-29 16:48:59,539 - INFO -   ->正在读取工作表：1211827318
2026-04-29 16:48:59,696 - INFO -     -1211827318中匹配39行
2026-04-29 16:48:59,696 - INFO -   ->正在读取工作表：1211827319
2026-04-29 16:49:00,000 - INFO -     -1211827319中匹配119行
2026-04-29 16:49:00,002 - INFO -   ->正在读取工作表：12118273110
2026-04-29 16:49:00,212 - INFO -     -12118273110中匹配111行
2026-04-29 16:49:00,353 - INFO - >>>正在处理：青岛市委2026.1.1-4.21.xlsx
2026-04-29 16:49:03,759 - INFO -   ->正在读取工作表：1211821210
2026-04-29 16:49:04,087 - INFO -     -1211821210中匹配266行
2026-04-29 16:49:04,087 - INFO -   ->正在读取工作表：1211821211
2026-04-29 16:49:04,383 - INFO -     -1211821211中匹配113行
2026-04-29 16:49:04,383 - INFO -   ->正在读取工作表：1211821212
2026-04-29 16:49:04,441 - INFO -     -1211821212中匹配5行
2026-04-29 16:49:06,428 - INFO - ---系统结束---
2026-04-29 16:49:06,428 - INFO - 总耗时： 94.4667739868164秒
2026-04-29 16:49:59,602 - INFO - ---系统启动---
2026-04-29 16:49:59,603 - INFO - 加载路径目录：C:\Users\Administrator\Desktop\青岛负面2024-2026.4.21\青岛负面2024-2026.4.21
2026-04-29 16:49:59,604 - INFO - 共找到7个excel文件,准备处理....
2026-04-29 16:49:59,604 - INFO - 加载关键字中.....
2026-04-29 16:49:59,604 - INFO - >>> 正在处理：青岛市委2024.1.1-3.31.xlsx
2026-04-29 16:50:04,966 - INFO -   -> 正在读取工作表：1211948060
2026-04-29 16:50:05,330 - INFO -       - 工作表1211948060中匹配225行
2026-04-29 16:50:05,330 - INFO -   -> 正在读取工作表：1211948061
2026-04-29 16:50:05,691 - INFO -       - 工作表1211948061中匹配144行
2026-04-29 16:50:05,691 - INFO -   -> 正在读取工作表：1211948062
2026-04-29 16:50:06,057 - INFO -       - 工作表1211948062中匹配120行
2026-04-29 16:50:06,057 - INFO -   -> 正在读取工作表：1211948063
2026-04-29 16:50:06,159 - INFO -       - 工作表1211948063中匹配17行
2026-04-29 16:50:06,242 - INFO - >>> 正在处理：青岛市委2024.4.1-8.30.xlsx
2026-04-29 16:50:22,082 - INFO -   -> 正在读取工作表：总表
2026-04-29 16:50:24,879 - INFO -       - 工作表总表中匹配2062行
2026-04-29 16:50:25,011 - INFO - >>> 正在处理：青岛市委2024.9.1-12.31.xlsx
2026-04-29 16:50:47,612 - INFO -   -> 正在读取工作表：总表
2026-04-29 16:50:51,655 - INFO -       - 工作表总表中匹配3240行
2026-04-29 16:50:51,812 - INFO - >>> 正在处理：青岛市委2025.1.1-5.31.xlsx
2026-04-29 16:51:01,197 - INFO -   -> 正在读取工作表：总表
2026-04-29 16:51:03,103 - INFO -       - 工作表总表中匹配3993行
2026-04-29 16:51:03,212 - INFO - >>> 正在处理：青岛市委2025.10.01-12.31.xlsx
2026-04-29 16:51:05,932 - INFO -   -> 正在读取工作表：1211823500
2026-04-29 16:51:06,228 - INFO -       - 工作表1211823500中匹配178行
2026-04-29 16:51:06,228 - INFO -   -> 正在读取工作表：1211823501
2026-04-29 16:51:06,547 - INFO -       - 工作表1211823501中匹配239行
2026-04-29 16:51:06,610 - INFO - >>> 正在处理：青岛市委2025.7.1-9.31.xlsx
2026-04-29 16:51:20,698 - INFO -   -> 正在读取工作表：1211827310
2026-04-29 16:51:20,962 - INFO -       - 工作表1211827310中匹配234行
2026-04-29 16:51:20,962 - INFO -   -> 正在读取工作表：1211827311
2026-04-29 16:51:21,213 - INFO -       - 工作表1211827311中匹配115行
2026-04-29 16:51:21,213 - INFO -   -> 正在读取工作表：1211827312
2026-04-29 16:51:21,416 - INFO -       - 工作表1211827312中匹配12行
2026-04-29 16:51:21,416 - INFO -   -> 正在读取工作表：1211827313
2026-04-29 16:51:21,580 - INFO -       - 工作表1211827313中匹配2行
2026-04-29 16:51:21,580 - INFO -   -> 正在读取工作表：1211827314
2026-04-29 16:51:21,736 - INFO -       - 工作表1211827314中匹配1行
2026-04-29 16:51:21,736 - INFO -   -> 正在读取工作表：1211827315
2026-04-29 16:51:21,928 - INFO -       - 工作表1211827315中匹配7行
2026-04-29 16:51:21,930 - INFO -   -> 正在读取工作表：1211827316
2026-04-29 16:51:22,306 - INFO -       - 工作表1211827316没有匹配到
2026-04-29 16:51:22,306 - INFO -   -> 正在读取工作表：1211827317
2026-04-29 16:51:22,491 - INFO -       - 工作表1211827317没有匹配到
2026-04-29 16:51:22,494 - INFO -   -> 正在读取工作表：1211827318
2026-04-29 16:51:22,707 - INFO -       - 工作表1211827318中匹配39行
2026-04-29 16:51:22,707 - INFO -   -> 正在读取工作表：1211827319
2026-04-29 16:51:23,039 - INFO -       - 工作表1211827319中匹配119行
2026-04-29 16:51:23,039 - INFO -   -> 正在读取工作表：12118273110
2026-04-29 16:51:23,276 - INFO -       - 工作表12118273110中匹配111行
2026-04-29 16:51:23,464 - INFO - >>> 正在处理：青岛市委2026.1.1-4.21.xlsx
2026-04-29 16:51:27,546 - INFO -   -> 正在读取工作表：1211821210
2026-04-29 16:51:27,866 - INFO -       - 工作表1211821210中匹配266行
2026-04-29 16:51:27,882 - INFO -   -> 正在读取工作表：1211821211
2026-04-29 16:51:28,194 - INFO -       - 工作表1211821211中匹配113行
2026-04-29 16:51:28,194 - INFO -   -> 正在读取工作表：1211821212
2026-04-29 16:51:28,210 - INFO -       - 工作表1211821212中匹配5行
2026-04-29 16:51:30,437 - INFO - ---系统结束---
2026-04-29 16:51:30,437 - INFO - 总耗时： 90.83秒
